AutoRest code generation utility [cli version: 3.0.6187; node: v12.18.1, max-memory: 8192 gb]
(C) 2018 Microsoft Corporation.
https://aka.ms/autorest
Network Enabled: true
Starting @autorest/core from C:\Users\VssAdministrator\.autorest\@autorest_core@3.0.6282
   Loading AutoRest core      'C:\Users\VssAdministrator\.autorest\@autorest_core@3.0.6282\node_modules\@autorest\core\dist' (3.0.6282)
   Initial configuration file 'file:///D:/a/1/s/AutoRest/Configs/JumpCloud.SDK.DirectoryInsights.yaml'
   Including configuration file 'file:///C:/Users/VssAdministrator/.autorest/@autorest_core@3.0.6282/node_modules/@autorest/core/resources/inspect.md'
   Including configuration file 'file:///C:/Users/VssAdministrator/.autorest/@autorest_core@3.0.6282/node_modules/@autorest/core/resources/directives.md'
   Including configuration file 'file:///C:/Users/VssAdministrator/.autorest/@autorest_core@3.0.6282/node_modules/@autorest/core/resources/pipeline.md'
   Including configuration file 'file:///C:/Users/VssAdministrator/.autorest/@autorest_core@3.0.6282/node_modules/@autorest/core/resources/loader-openapi.md'
   Including configuration file 'file:///C:/Users/VssAdministrator/.autorest/@autorest_core@3.0.6282/node_modules/@autorest/core/resources/miscellaneous.md'
   Including configuration file 'file:///C:/Users/VssAdministrator/.autorest/@autorest_core@3.0.6282/node_modules/@autorest/core/resources/patches.md'
   Including configuration file 'file:///C:/Users/VssAdministrator/.autorest/@autorest_core@3.0.6282/node_modules/@autorest/core/resources/plugin-powershell.md'
   Including configuration file 'file:///C:/Users/VssAdministrator/.autorest/@autorest_core@3.0.6282/node_modules/@autorest/core/resources/plugin-azureresourceschema.md'
   Including configuration file 'file:///C:/Users/VssAdministrator/.autorest/@autorest_core@3.0.6282/node_modules/@autorest/core/resources/plugin-csharp.md'
   Including configuration file 'file:///C:/Users/VssAdministrator/.autorest/@autorest_core@3.0.6282/node_modules/@autorest/core/resources/plugin-go.md'
   Including configuration file 'file:///C:/Users/VssAdministrator/.autorest/@autorest_core@3.0.6282/node_modules/@autorest/core/resources/plugin-java.md'
   Including configuration file 'file:///C:/Users/VssAdministrator/.autorest/@autorest_core@3.0.6282/node_modules/@autorest/core/resources/plugin-nodejs.md'
   Including configuration file 'file:///C:/Users/VssAdministrator/.autorest/@autorest_core@3.0.6282/node_modules/@autorest/core/resources/plugin-php.md'
   Including configuration file 'file:///C:/Users/VssAdministrator/.autorest/@autorest_core@3.0.6282/node_modules/@autorest/core/resources/plugin-python.md'
   Including configuration file 'file:///C:/Users/VssAdministrator/.autorest/@autorest_core@3.0.6282/node_modules/@autorest/core/resources/plugin-ruby.md'
   Including configuration file 'file:///C:/Users/VssAdministrator/.autorest/@autorest_core@3.0.6282/node_modules/@autorest/core/resources/plugin-typescript.md'
   Including configuration file 'file:///C:/Users/VssAdministrator/.autorest/@autorest_core@3.0.6282/node_modules/@autorest/core/resources/plugin-validators.md'
   Including configuration file 'file:///C:/Users/VssAdministrator/.autorest/@autorest_core@3.0.6282/node_modules/@autorest/core/resources/plugin-az.md'
   Including configuration file 'file:///C:/Users/VssAdministrator/.autorest/@autorest_core@3.0.6282/node_modules/@autorest/core/resources/plugin-trenton.md'
   Including configuration file 'file:///C:/Users/VssAdministrator/.autorest/@autorest_core@3.0.6282/node_modules/@autorest/core/resources/graphs.md'
   Including configuration file 'file:///C:/Users/VssAdministrator/.autorest/@autorest_core@3.0.6282/node_modules/@autorest/core/resources/help-configuration.md'
   Installing AutoRest extension '@autorest/powershell' (~2.1.327)
VERBOSE [3.2 s]: Installing @autorest/powershell, 2.1.396
VERBOSE [15.75 s]: Package Install completed @autorest/powershell, 2.1.396
   Installed AutoRest extension '@autorest/powershell' (~2.1.327->2.1.396)
   Including extension configuration file 'file:///C:/Users/VssAdministrator/.autorest/@autorest_powershell@2.1.396/node_modules/@autorest/powershell/readme.md'
   Including configuration file 'file:///C:/Users/VssAdministrator/.autorest/@autorest_powershell@2.1.396/node_modules/@autorest/powershell/autorest-configuration.md'
   Installing AutoRest extension '@autorest/remodeler' (~2.1.0)
VERBOSE [17.17 s]: Installing @autorest/remodeler, 2.1.27
VERBOSE [26.35 s]: Package Install completed @autorest/remodeler, 2.1.27
   Installed AutoRest extension '@autorest/remodeler' (~2.1.0->2.1.27)
   Including extension configuration file 'file:///C:/Users/VssAdministrator/.autorest/@autorest_remodeler@2.1.27/node_modules/@autorest/remodeler/readme.md'
DEBUG [27.41 s]: swagger-document/loader-swagger - START inputs = 0
DEBUG [27.41 s]: openapi-document/loader-openapi - START inputs = 0
DEBUG [27.41 s]: pipeline-emitter - START inputs = 0
DEBUG [27.48 s]: configuration-emitter - START inputs = 0
DEBUG [27.49 s]: pipeline-emitter - END [0.07 s]
DEBUG [27.49 s]: configuration-emitter - END [0.07 s]
VERBOSE [27.6 s]: Reading OpenAPI 2.0 file file:///D:/a/1/s/AutoRest/SwaggerSpecs/JumpCloud.SDK.DirectoryInsights.json
DEBUG [27.62 s]: openapi-document/loader-openapi - END [0.2 s]
DEBUG [27.62 s]: openapi-document/individual/transform - SKIPPING
DEBUG [27.62 s]: openapi-document/individual/schema-validator-openapi - SKIPPING
DEBUG [27.62 s]: openapi-document/individual/identity - SKIPPING
DEBUG [27.67 s]: swagger-document/loader-swagger - END [0.26 s]
DEBUG [27.67 s]: swagger-document/individual/transform - START inputs = 1
DEBUG [27.72 s]: swagger-document/individual/transform - END [0.04 s]
DEBUG [27.72 s]: swagger-document/individual/schema-validator-swagger - START inputs = 1
DEBUG [27.79 s]: swagger-document/individual/schema-validator-swagger - END [0.06 s]
DEBUG [27.79 s]: swagger-document/identity - START inputs = 1
DEBUG [27.79 s]: swagger-document/individual/identity - START inputs = 1
DEBUG [27.79 s]: swagger-document/identity - END [0 s]
DEBUG [27.79 s]: swagger-document/individual/identity - END [0 s]
DEBUG [27.79 s]: openapi-document/openapi-document-converter - START inputs = 1
DEBUG [27.84 s]: openapi-document/openapi-document-converter - END [0.04 s]
DEBUG [27.84 s]: openapi-document/transform - START inputs = 1
DEBUG [27.84 s]: openapi-document/transform - END [0 s]
DEBUG [27.85 s]: openapi-document/allof-cleaner - START inputs = 1
DEBUG [27.85 s]: openapi-document/allof-cleaner - END [0 s]
DEBUG [27.85 s]: openapi-document/tree-shaker - START inputs = 1
DEBUG [27.94 s]: openapi-document/tree-shaker - END [0.08 s]
DEBUG [27.94 s]: openapi-document/multi-api-merger - START inputs = 1
DEBUG [28.08 s]: openapi-document/multi-api-merger - END [0.14 s]
DEBUG [28.08 s]: openapi-document/components-cleaner - START inputs = 1
DEBUG [28.17 s]: openapi-document/components-cleaner - END [0.08 s]
DEBUG [28.17 s]: openapi-document/component-modifiers - START inputs = 1
DEBUG [28.17 s]: openapi-document/component-modifiers - END [0 s]
DEBUG [28.17 s]: openapi-document/api-version-parameter-handler - START inputs = 1
DEBUG [28.17 s]: openapi-document/api-version-parameter-handler - END [0 s]
DEBUG [28.18 s]: openapi-document/profile-filter - START inputs = 1
DEBUG [28.18 s]: openapi-document/profile-filter - END [0 s]
DEBUG [28.18 s]: openapi-document/model-deduplicator - START inputs = 1
DEBUG [28.18 s]: openapi-document/emitter - START inputs = 1
DEBUG [28.19 s]: openapi-document/emitter - END [0.01 s]
DEBUG [28.36 s]: openapi-document/model-deduplicator - END [0.18 s]
DEBUG [28.36 s]: openapi-document/enum-deduplicator - START inputs = 1
DEBUG [28.42 s]: openapi-document/enum-deduplicator - END [0.06 s]
DEBUG [28.42 s]: openapi-document/subset-reducer - START inputs = 1
DEBUG [28.48 s]: openapi-document/subset-reducer - END [0.06 s]
DEBUG [28.48 s]: openapi-document/quick-check - START inputs = 1
DEBUG [28.49 s]: openapi-document/multi-api/reset-identity - START inputs = 1
DEBUG [28.49 s]: openapi-document/quick-check - END [0 s]
DEBUG [28.49 s]: openapi-document/multi-api/reset-identity - END [0 s]
DEBUG [28.49 s]: openapi-document/multi-api/identity - START inputs = 1
DEBUG [28.49 s]: openapi-document/multi-api/identity - END [0 s]
DEBUG [28.49 s]: openapi-document/multi-api/emitter - START inputs = 1
DEBUG [28.49 s]: remodeler - START inputs = 1
DEBUG [28.5 s]: openapi-document/multi-api/emitter - END [0 s]
DEBUG [28.68 s]: remodeler - END [0.19 s]
DEBUG [28.69 s]: remodeler/new-transform - START inputs = 1
DEBUG [28.69 s]: remodeler/new-transform - END [0 s]
DEBUG [28.69 s]: tweakcodemodel - START inputs = 1
DEBUG [28.92 s]: tweakcodemodel - END [0.22 s]
DEBUG [28.92 s]: tweakcodemodelazure - START inputs = 1
DEBUG [28.98 s]: tweakcodemodelazure - END [0.06 s]
DEBUG [28.98 s]: create-commands - START inputs = 1
DEBUG [29.18 s]: [CMDLET-PREFIX] => 'JcSdkInternal'
DEBUG [29.18 s]: [SERVICE-NAME] => 'DirectoryInsightsApi'
DEBUG [29.18 s]: [SUBJECT-PREFIX] => ''
DEBUG [29.18 s]: detecting high level commands...
DEBUG [29.19 s]: Get-Event //  Get-Event => {"alias":[],"subject":"Event","variant":"","verb":"Get","subjectPrefix":"","action":"get"} taking ;  ; end_time, fields, limit, search_after, search_term, service, sort, start_time 
DEBUG [29.19 s]: Get-EventCount //  Get-EventCount => {"alias":[],"subject":"EventCount","variant":"","verb":"Get","subjectPrefix":"","action":"get"} taking ;  ; end_time, fields, limit, search_after, search_term, service, sort, start_time 
DEBUG [29.3 s]: create-commands - END [0.31 s]
DEBUG [29.3 s]: create-virtual-properties - START inputs = 1
DEBUG [29.43 s]: create-virtual-properties - END [0.12 s]
DEBUG [29.43 s]: csnamer - START inputs = 1
DEBUG [29.66 s]: csnamer - END [0.22 s]
DEBUG [29.66 s]: psnamer - START inputs = 1
DEBUG [29.79 s]: psnamer - END [0.13 s]
DEBUG [29.79 s]: modifiers - START inputs = 1
DEBUG [29.89 s]: modifiers - END [0.09 s]
DEBUG [29.89 s]: add-azure-completers - START inputs = 1
DEBUG [29.89 s]: llcsharp - START inputs = 1
DEBUG [30 s]: add-azure-completers - END [0.11 s]
DEBUG [30 s]: powershell - START inputs = 1
DEBUG [30.35 s]: [DIRECTIVE] Applied 'hidden' directive to Get-Event_Get. Added attribute global::Microsoft.Rest.InternalExport to cmdlet.
DEBUG [30.37 s]: [DIRECTIVE] Applied 'hidden' directive to Get-Event_GetExpanded. Added attribute global::Microsoft.Rest.InternalExport to cmdlet.
DEBUG [30.38 s]: [DIRECTIVE] Applied 'hidden' directive to Get-EventCount_Get. Added attribute global::Microsoft.Rest.InternalExport to cmdlet.
DEBUG [30.39 s]: [DIRECTIVE] Applied 'hidden' directive to Get-EventCount_GetExpanded. Added attribute global::Microsoft.Rest.InternalExport to cmdlet.
DEBUG [30.61 s]: llcsharp - END [0.72 s]
DEBUG [30.61 s]: llcsharp/text-transform - START inputs = 126
DEBUG [30.61 s]: Running text transform 'source-file-csharp/FixFromXML' on mem:///126?generated%5Capi%5CDirectoryInsightsApi.cs 
DEBUG [30.61 s]: Running text transform 'source-file-csharp/FixFromXML' on mem:///127?generated%5Capi%5CModels%5CErrorMessage.cs 
DEBUG [30.61 s]: Running text transform 'source-file-csharp/FixFromXML' on mem:///128?generated%5Capi%5CModels%5CErrorMessage.json.cs 
DEBUG [30.62 s]: Running text transform 'source-file-csharp/FixFromXML' on mem:///129?generated%5Capi%5CModels%5CMfa.cs 
DEBUG [30.62 s]: Running text transform 'source-file-csharp/FixFromXML' on mem:///130?generated%5Capi%5CModels%5CMfa.json.cs 
DEBUG [30.62 s]: Running text transform 'source-file-csharp/FixFromXML' on mem:///131?generated%5Capi%5CModels%5CSearchTerm.cs 
DEBUG [30.62 s]: Running text transform 'source-file-csharp/FixFromXML' on mem:///132?generated%5Capi%5CModels%5CSearchTermAnd.cs 
DEBUG [30.62 s]: Running text transform 'source-file-csharp/FixFromXML' on mem:///133?generated%5Capi%5CModels%5CSearchTermAnd.dictionary.cs 
DEBUG [30.62 s]: Running text transform 'source-file-csharp/FixFromXML' on mem:///134?generated%5Capi%5CModels%5CSearchTermAnd.json.cs 
DEBUG [30.62 s]: Running text transform 'source-file-csharp/FixFromXML' on mem:///135?generated%5Capi%5CModels%5CSearchTermOr.cs 
DEBUG [30.62 s]: Running text transform 'source-file-csharp/FixFromXML' on mem:///136?generated%5Capi%5CModels%5CSearchTermOr.dictionary.cs 
DEBUG [30.62 s]: Running text transform 'source-file-csharp/FixFromXML' on mem:///137?generated%5Capi%5CModels%5CSearchTermOr.json.cs 
DEBUG [30.62 s]: Running text transform 'source-file-csharp/FixFromXML' on mem:///138?generated%5Capi%5CModels%5CSearchTerm.json.cs 
DEBUG [30.62 s]: Running text transform 'source-file-csharp/FixFromXML' on mem:///139?generated%5Capi%5CModels%5CErrorresponse.cs 
DEBUG [30.62 s]: Running text transform 'source-file-csharp/FixFromXML' on mem:///140?generated%5Capi%5CModels%5CErrorresponse.json.cs 
DEBUG [30.62 s]: Running text transform 'source-file-csharp/FixFromXML' on mem:///141?generated%5Capi%5CModels%5CSshkeylist.cs 
DEBUG [30.62 s]: Running text transform 'source-file-csharp/FixFromXML' on mem:///142?generated%5Capi%5CModels%5CSshkeylist.json.cs 
DEBUG [30.63 s]: Running text transform 'source-file-csharp/FixFromXML' on mem:///143?generated%5Capi%5CModels%5CSystemuser.cs 
DEBUG [30.63 s]: Running text transform 'source-file-csharp/FixFromXML' on mem:///144?generated%5Capi%5CModels%5CSystemuser.json.cs 
DEBUG [30.63 s]: Running text transform 'source-file-csharp/FixFromXML' on mem:///145?generated%5Capi%5CModels%5CSystemuserAttributesItem.cs 
DEBUG [30.63 s]: Running text transform 'source-file-csharp/FixFromXML' on mem:///146?generated%5Capi%5CModels%5CSystemuserAttributesItem.json.cs 
DEBUG [30.63 s]: Running text transform 'source-file-csharp/FixFromXML' on mem:///147?generated%5Capi%5CModels%5CEventCount.cs 
DEBUG [30.63 s]: Running text transform 'source-file-csharp/FixFromXML' on mem:///148?generated%5Capi%5CModels%5CEventCount.json.cs 
DEBUG [30.63 s]: Running text transform 'source-file-csharp/FixFromXML' on mem:///149?generated%5Capi%5CModels%5CEventQuery.cs 
DEBUG [30.63 s]: Running text transform 'source-file-csharp/FixFromXML' on mem:///150?generated%5Capi%5CModels%5CEventQuery.json.cs 
DEBUG [30.63 s]: Running text transform 'source-file-csharp/FixFromXML' on mem:///151?generated%5Capi%5CModels%5CSystemuserputpost.cs 
DEBUG [30.63 s]: Running text transform 'source-file-csharp/FixFromXML' on mem:///152?generated%5Capi%5CModels%5CSystemuserputpost.json.cs 
DEBUG [30.63 s]: Running text transform 'source-file-csharp/FixFromXML' on mem:///153?generated%5Capi%5CModels%5CSystemuserputpostAttributesItem.cs 
DEBUG [30.63 s]: Running text transform 'source-file-csharp/FixFromXML' on mem:///154?generated%5Capi%5CModels%5CSystemuserputpostAttributesItem.json.cs 
DEBUG [30.63 s]: Running text transform 'source-file-csharp/FixFromXML' on mem:///155?generated%5Capi%5CModels%5CSystemuserputpostAddressesItem.cs 
DEBUG [30.64 s]: Running text transform 'source-file-csharp/FixFromXML' on mem:///156?generated%5Capi%5CModels%5CSystemuserputpostAddressesItem.json.cs 
DEBUG [30.64 s]: Running text transform 'source-file-csharp/FixFromXML' on mem:///157?generated%5Capi%5CModels%5CSystemuserputpostPhoneNumbersItem.cs 
DEBUG [30.64 s]: Running text transform 'source-file-csharp/FixFromXML' on mem:///158?generated%5Capi%5CModels%5CSystemuserputpostPhoneNumbersItem.json.cs 
DEBUG [30.64 s]: Running text transform 'source-file-csharp/FixFromXML' on mem:///159?generated%5Capi%5CModels%5CSystemuserputpostRelationshipsItem.cs 
DEBUG [30.64 s]: Running text transform 'source-file-csharp/FixFromXML' on mem:///160?generated%5Capi%5CModels%5CSystemuserputpostRelationshipsItem.json.cs 
DEBUG [30.64 s]: Running text transform 'source-file-csharp/FixFromXML' on mem:///161?generated%5Capi%5CModels%5CTermItem.cs 
DEBUG [30.64 s]: Running text transform 'source-file-csharp/FixFromXML' on mem:///162?generated%5Capi%5CModels%5CTermItem.json.cs 
DEBUG [30.64 s]: Running text transform 'source-file-csharp/FixFromXML' on mem:///163?generated%5Capi%5CModels%5CPost200ApplicationJsonItemsItem.cs 
DEBUG [30.64 s]: Running text transform 'source-file-csharp/FixFromXML' on mem:///164?generated%5Capi%5CModels%5CPost200ApplicationJsonItemsItem.dictionary.cs 
DEBUG [30.65 s]: Running text transform 'source-file-csharp/FixFromXML' on mem:///165?generated%5Capi%5CModels%5CPost200ApplicationJsonItemsItem.json.cs 
DEBUG [30.65 s]: Running text transform 'source-file-csharp/FixFromXML' on mem:///166?generated%5Capi%5CModels%5CDirectoryInsightsApiIdentity.cs 
DEBUG [30.65 s]: Running text transform 'source-file-csharp/FixFromXML' on mem:///167?generated%5Capi%5CModels%5CDirectoryInsightsApiIdentity.json.cs 
DEBUG [30.65 s]: Running text transform 'source-file-csharp/FixFromXML' on mem:///168?generated%5Cruntime%5CCmdInfoHandler.cs 
DEBUG [30.65 s]: Running text transform 'source-file-csharp/FixFromXML' on mem:///169?generated%5Cruntime%5CExtensions.cs 
DEBUG [30.65 s]: Running text transform 'source-file-csharp/FixFromXML' on mem:///170?generated%5Cruntime%5CIAssociativeArray.cs 
DEBUG [30.65 s]: Running text transform 'source-file-csharp/FixFromXML' on mem:///171?generated%5Cruntime%5CIHeaderSerializable.cs 
DEBUG [30.65 s]: Running text transform 'source-file-csharp/FixFromXML' on mem:///172?generated%5Cruntime%5CInfoAttribute.cs 
DEBUG [30.65 s]: Running text transform 'source-file-csharp/FixFromXML' on mem:///173?generated%5Cruntime%5CMethod.cs 
DEBUG [30.65 s]: Running text transform 'source-file-csharp/FixFromXML' on mem:///174?generated%5Cruntime%5CSerializationMode.cs 
DEBUG [30.65 s]: Running text transform 'source-file-csharp/FixFromXML' on mem:///175?generated%5Cruntime%5CUndeclaredResponseException.cs 
DEBUG [30.65 s]: Running text transform 'source-file-csharp/FixFromXML' on mem:///176?generated%5Cruntime%5Cdelegates.cs 
DEBUG [30.65 s]: Running text transform 'source-file-csharp/FixFromXML' on mem:///177?generated%5Cruntime%5CEventData.cs 
DEBUG [30.65 s]: Running text transform 'source-file-csharp/FixFromXML' on mem:///178?generated%5Cruntime%5CEventListener.cs 
DEBUG [30.66 s]: Running text transform 'source-file-csharp/FixFromXML' on mem:///179?generated%5Cruntime%5CEvents.cs 
DEBUG [30.66 s]: Running text transform 'source-file-csharp/FixFromXML' on mem:///180?generated%5Cruntime%5CISendAsync.cs 
DEBUG [30.66 s]: Running text transform 'source-file-csharp/FixFromXML' on mem:///181?generated%5Cruntime%5CPipelineMocking.cs 
DEBUG [30.66 s]: Running text transform 'source-file-csharp/FixFromXML' on mem:///182?generated%5Cruntime%5CResponse.cs 
DEBUG [30.66 s]: Running text transform 'source-file-csharp/FixFromXML' on mem:///183?generated%5Cruntime%5CConversions%5CConversionException.cs 
DEBUG [30.66 s]: Running text transform 'source-file-csharp/FixFromXML' on mem:///184?generated%5Cruntime%5CCustomizations%5CIJsonSerializable.cs 
DEBUG [30.66 s]: Running text transform 'source-file-csharp/FixFromXML' on mem:///185?generated%5Cruntime%5CConversions%5CIJsonConverter.cs 
DEBUG [30.66 s]: Running text transform 'source-file-csharp/FixFromXML' on mem:///186?generated%5Cruntime%5CJsonType.cs 
DEBUG [30.66 s]: Running text transform 'source-file-csharp/FixFromXML' on mem:///187?generated%5Cruntime%5CHelpers%5CSeperator.cs 
DEBUG [30.66 s]: Running text transform 'source-file-csharp/FixFromXML' on mem:///188?generated%5Cruntime%5CIso%5CIsoDate.cs 
DEBUG [30.66 s]: Running text transform 'source-file-csharp/FixFromXML' on mem:///189?generated%5Cruntime%5CHelpers%5CExtensions%5CStringBuilderExtensions.cs 
DEBUG [30.67 s]: Running text transform 'source-file-csharp/FixFromXML' on mem:///190?generated%5Cruntime%5CCustomizations%5CJsonArray.cs 
DEBUG [30.67 s]: Running text transform 'source-file-csharp/FixFromXML' on mem:///191?generated%5Cruntime%5CConversions%5CJsonConverter.cs 
DEBUG [30.67 s]: Running text transform 'source-file-csharp/FixFromXML' on mem:///192?generated%5Cruntime%5CHelpers%5CTypeDetails.cs 
DEBUG [30.67 s]: Running text transform 'source-file-csharp/FixFromXML' on mem:///193?generated%5Cruntime%5CHelpers%5CExtensions%5CTypeExtensions.cs 
DEBUG [30.67 s]: Running text transform 'source-file-csharp/FixFromXML' on mem:///194?generated%5Cruntime%5CCustomizations%5CJsonBoolean.cs 
DEBUG [30.68 s]: Running text transform 'source-file-csharp/FixFromXML' on mem:///195?generated%5Cruntime%5CConversions%5CInstances%5CBinaryConverter.cs 
DEBUG [30.68 s]: Running text transform 'source-file-csharp/FixFromXML' on mem:///196?generated%5Cruntime%5CModels%5CJsonMember.cs 
DEBUG [30.68 s]: Running text transform 'source-file-csharp/FixFromXML' on mem:///197?generated%5Cruntime%5CConversions%5CJsonConverterAttribute.cs 
DEBUG [30.68 s]: Running text transform 'source-file-csharp/FixFromXML' on mem:///198?generated%5Cruntime%5CHelpers%5CXHelper.cs 
DEBUG [30.68 s]: Running text transform 'source-file-csharp/FixFromXML' on mem:///199?generated%5Cruntime%5CConversions%5CInstances%5CBooleanConverter.cs 
DEBUG [30.68 s]: Running text transform 'source-file-csharp/FixFromXML' on mem:///200?generated%5Cruntime%5CCustomizations%5CJsonNode.cs 
DEBUG [30.68 s]: Running text transform 'source-file-csharp/FixFromXML' on mem:///201?generated%5Cruntime%5CNodes%5CJsonBoolean.cs 
DEBUG [30.68 s]: Running text transform 'source-file-csharp/FixFromXML' on mem:///202?generated%5Cruntime%5CModels%5CJsonModel.cs 
DEBUG [30.68 s]: Running text transform 'source-file-csharp/FixFromXML' on mem:///203?generated%5Cruntime%5CNodes%5CCollections%5CJsonArray.cs 
DEBUG [30.68 s]: Running text transform 'source-file-csharp/FixFromXML' on mem:///204?generated%5Cruntime%5CSerialization%5CJsonSerializer.cs 
DEBUG [30.68 s]: Running text transform 'source-file-csharp/FixFromXML' on mem:///248?generated%5Cruntime%5CParser%5CJsonParser.cs 
DEBUG [30.68 s]: Running text transform 'source-file-csharp/FixFromXML' on mem:///249?generated%5Cruntime%5CConversions%5CJsonConverterFactory.cs 
DEBUG [30.68 s]: Running text transform 'source-file-csharp/FixFromXML' on mem:///250?generated%5Cruntime%5CParser%5CExceptions%5CParseException.cs 
DEBUG [30.68 s]: Running text transform 'source-file-csharp/FixFromXML' on mem:///251?generated%5Cruntime%5CWriters%5CJsonWriter.cs 
DEBUG [30.69 s]: Running text transform 'source-file-csharp/FixFromXML' on mem:///252?generated%5Cruntime%5CConversions%5CInstances%5CDateTimeConverter.cs 
DEBUG [30.69 s]: Running text transform 'source-file-csharp/FixFromXML' on mem:///253?generated%5Cruntime%5CCustomizations%5CJsonNumber.cs 
DEBUG [30.69 s]: Running text transform 'source-file-csharp/FixFromXML' on mem:///254?generated%5Cruntime%5CNodes%5CJsonDate.cs 
DEBUG [30.69 s]: Running text transform 'source-file-csharp/FixFromXML' on mem:///255?generated%5Cruntime%5CModels%5CJsonModelCache.cs 
DEBUG [30.69 s]: Running text transform 'source-file-csharp/FixFromXML' on mem:///256?generated%5Cruntime%5CNodes%5CCollections%5CXImmutableArray.cs 
DEBUG [30.69 s]: Running text transform 'source-file-csharp/FixFromXML' on mem:///257?generated%5Cruntime%5CSerialization%5CPropertyTransformation.cs 
DEBUG [30.69 s]: Running text transform 'source-file-csharp/FixFromXML' on mem:///258?generated%5Cruntime%5CParser%5CJsonToken.cs 
DEBUG [30.69 s]: Running text transform 'source-file-csharp/FixFromXML' on mem:///259?generated%5Cruntime%5CConversions%5CStringLikeConverter.cs 
DEBUG [30.69 s]: Running text transform 'source-file-csharp/FixFromXML' on mem:///260?generated%5Cruntime%5CConversions%5CInstances%5CDateTimeOffsetConverter.cs 
DEBUG [30.69 s]: Running text transform 'source-file-csharp/FixFromXML' on mem:///261?generated%5Cruntime%5CCustomizations%5CJsonObject.cs 
DEBUG [30.69 s]: Running text transform 'source-file-csharp/FixFromXML' on mem:///262?generated%5Cruntime%5CNodes%5CJsonNode.cs 
DEBUG [30.69 s]: Running text transform 'source-file-csharp/FixFromXML' on mem:///263?generated%5Cruntime%5CNodes%5CCollections%5CXList.cs 
DEBUG [30.69 s]: Running text transform 'source-file-csharp/FixFromXML' on mem:///264?generated%5Cruntime%5CSerialization%5CSerializationOptions.cs 
DEBUG [30.7 s]: Running text transform 'source-file-csharp/FixFromXML' on mem:///265?generated%5Cruntime%5CParser%5CJsonTokenizer.cs 
DEBUG [30.7 s]: Running text transform 'source-file-csharp/FixFromXML' on mem:///266?generated%5Cruntime%5CConversions%5CInstances%5CDecimalConverter.cs 
DEBUG [30.7 s]: Running text transform 'source-file-csharp/FixFromXML' on mem:///267?generated%5Cruntime%5CCustomizations%5CJsonString.cs 
DEBUG [30.7 s]: Running text transform 'source-file-csharp/FixFromXML' on mem:///268?generated%5Cruntime%5CNodes%5CCollections%5CXNodeArray.cs 
DEBUG [30.7 s]: Running text transform 'source-file-csharp/FixFromXML' on mem:///269?generated%5Cruntime%5CParser%5CLocation.cs 
DEBUG [30.7 s]: Running text transform 'source-file-csharp/FixFromXML' on mem:///270?generated%5Cruntime%5CNodes%5CJsonNumber.cs 
DEBUG [30.7 s]: Running text transform 'source-file-csharp/FixFromXML' on mem:///271?generated%5Cruntime%5CConversions%5CInstances%5CDoubleConverter.cs 
DEBUG [30.7 s]: Running text transform 'source-file-csharp/FixFromXML' on mem:///272?generated%5Cruntime%5CCustomizations%5CXNodeArray.cs 
DEBUG [30.7 s]: Running text transform 'source-file-csharp/FixFromXML' on mem:///273?generated%5Cruntime%5CNodes%5CCollections%5CXSet.cs 
DEBUG [30.7 s]: Running text transform 'source-file-csharp/FixFromXML' on mem:///274?generated%5Cruntime%5CNodes%5CJsonObject.cs 
DEBUG [30.7 s]: Running text transform 'source-file-csharp/FixFromXML' on mem:///275?generated%5Cruntime%5CConversions%5CInstances%5CEnumConverter.cs 
DEBUG [30.7 s]: Running text transform 'source-file-csharp/FixFromXML' on mem:///276?generated%5Cruntime%5CParser%5CTokenReader.cs 
DEBUG [30.71 s]: Running text transform 'source-file-csharp/FixFromXML' on mem:///277?generated%5Cruntime%5CParser%5CReaders%5CSourceReader.cs 
DEBUG [30.71 s]: Running text transform 'source-file-csharp/FixFromXML' on mem:///278?generated%5Cruntime%5CNodes%5CJsonString.cs 
DEBUG [30.71 s]: Running text transform 'source-file-csharp/FixFromXML' on mem:///279?generated%5Cruntime%5CConversions%5CInstances%5CGuidConverter.cs 
DEBUG [30.71 s]: Running text transform 'source-file-csharp/FixFromXML' on mem:///280?generated%5Cruntime%5CNodes%5CXBinary.cs 
DEBUG [30.71 s]: Running text transform 'source-file-csharp/FixFromXML' on mem:///281?generated%5Cruntime%5CConversions%5CInstances%5CHashSet%271Converter.cs 
DEBUG [30.71 s]: Running text transform 'source-file-csharp/FixFromXML' on mem:///283?generated%5Cruntime%5CNodes%5CXNull.cs 
DEBUG [30.71 s]: Running text transform 'source-file-csharp/FixFromXML' on mem:///284?generated%5Cruntime%5CConversions%5CInstances%5CInt16Converter.cs 
DEBUG [30.71 s]: Running text transform 'source-file-csharp/FixFromXML' on mem:///285?generated%5Cruntime%5CConversions%5CInstances%5CInt32Converter.cs 
DEBUG [30.71 s]: Running text transform 'source-file-csharp/FixFromXML' on mem:///288?generated%5Cruntime%5CConversions%5CInstances%5CInt64Converter.cs 
DEBUG [30.71 s]: Running text transform 'source-file-csharp/FixFromXML' on mem:///290?generated%5Cruntime%5CConversions%5CInstances%5CJsonArrayConverter.cs 
DEBUG [30.71 s]: Running text transform 'source-file-csharp/FixFromXML' on mem:///292?generated%5Cruntime%5CConversions%5CInstances%5CJsonObjectConverter.cs 
DEBUG [30.71 s]: Running text transform 'source-file-csharp/FixFromXML' on mem:///293?generated%5Cruntime%5CConversions%5CInstances%5CSingleConverter.cs 
DEBUG [30.71 s]: Running text transform 'source-file-csharp/FixFromXML' on mem:///295?generated%5Cruntime%5CConversions%5CInstances%5CStringConverter.cs 
DEBUG [30.71 s]: Running text transform 'source-file-csharp/FixFromXML' on mem:///298?generated%5Cruntime%5CConversions%5CInstances%5CTimeSpanConverter.cs 
DEBUG [30.71 s]: Running text transform 'source-file-csharp/FixFromXML' on mem:///300?generated%5Cruntime%5CConversions%5CInstances%5CUInt16Converter.cs 
DEBUG [30.72 s]: Running text transform 'source-file-csharp/FixFromXML' on mem:///302?generated%5Cruntime%5CConversions%5CInstances%5CUInt32Converter.cs 
DEBUG [30.72 s]: Running text transform 'source-file-csharp/FixFromXML' on mem:///307?generated%5Cruntime%5CConversions%5CInstances%5CUInt64Converter.cs 
DEBUG [30.72 s]: Running text transform 'source-file-csharp/FixFromXML' on mem:///309?generated%5Cruntime%5CConversions%5CInstances%5CUriConverter.cs 
DEBUG [30.72 s]: llcsharp/text-transform - END [0.1 s]
DEBUG [30.73 s]: llcsharp/emitter - START inputs = 126
DEBUG [30.73 s]: Emitting 'source-file-csharp' at file:///D:/a/1/s/AutoRest/SDKs/PowerShell/JumpCloud.SDK.DirectoryInsights/generated/api/DirectoryInsightsApi.cs
DEBUG [30.73 s]: Emitting 'source-file-csharp' at file:///D:/a/1/s/AutoRest/SDKs/PowerShell/JumpCloud.SDK.DirectoryInsights/generated/api/Models/ErrorMessage.cs
DEBUG [30.73 s]: Emitting 'source-file-csharp' at file:///D:/a/1/s/AutoRest/SDKs/PowerShell/JumpCloud.SDK.DirectoryInsights/generated/api/Models/ErrorMessage.json.cs
DEBUG [30.74 s]: Emitting 'source-file-csharp' at file:///D:/a/1/s/AutoRest/SDKs/PowerShell/JumpCloud.SDK.DirectoryInsights/generated/api/Models/Mfa.cs
DEBUG [30.74 s]: Emitting 'source-file-csharp' at file:///D:/a/1/s/AutoRest/SDKs/PowerShell/JumpCloud.SDK.DirectoryInsights/generated/api/Models/Mfa.json.cs
DEBUG [30.75 s]: Emitting 'source-file-csharp' at file:///D:/a/1/s/AutoRest/SDKs/PowerShell/JumpCloud.SDK.DirectoryInsights/generated/api/Models/SearchTerm.cs
DEBUG [30.75 s]: Emitting 'source-file-csharp' at file:///D:/a/1/s/AutoRest/SDKs/PowerShell/JumpCloud.SDK.DirectoryInsights/generated/api/Models/SearchTermAnd.cs
DEBUG [30.75 s]: Emitting 'source-file-csharp' at file:///D:/a/1/s/AutoRest/SDKs/PowerShell/JumpCloud.SDK.DirectoryInsights/generated/api/Models/SearchTermAnd.dictionary.cs
DEBUG [30.75 s]: Emitting 'source-file-csharp' at file:///D:/a/1/s/AutoRest/SDKs/PowerShell/JumpCloud.SDK.DirectoryInsights/generated/api/Models/SearchTermAnd.json.cs
DEBUG [30.75 s]: Emitting 'source-file-csharp' at file:///D:/a/1/s/AutoRest/SDKs/PowerShell/JumpCloud.SDK.DirectoryInsights/generated/api/Models/SearchTermOr.cs
DEBUG [30.75 s]: Emitting 'source-file-csharp' at file:///D:/a/1/s/AutoRest/SDKs/PowerShell/JumpCloud.SDK.DirectoryInsights/generated/api/Models/SearchTermOr.dictionary.cs
DEBUG [30.75 s]: Emitting 'source-file-csharp' at file:///D:/a/1/s/AutoRest/SDKs/PowerShell/JumpCloud.SDK.DirectoryInsights/generated/api/Models/SearchTermOr.json.cs
DEBUG [30.75 s]: Emitting 'source-file-csharp' at file:///D:/a/1/s/AutoRest/SDKs/PowerShell/JumpCloud.SDK.DirectoryInsights/generated/api/Models/SearchTerm.json.cs
DEBUG [30.76 s]: Emitting 'source-file-csharp' at file:///D:/a/1/s/AutoRest/SDKs/PowerShell/JumpCloud.SDK.DirectoryInsights/generated/api/Models/Errorresponse.cs
DEBUG [30.76 s]: Emitting 'source-file-csharp' at file:///D:/a/1/s/AutoRest/SDKs/PowerShell/JumpCloud.SDK.DirectoryInsights/generated/api/Models/Errorresponse.json.cs
DEBUG [30.76 s]: Emitting 'source-file-csharp' at file:///D:/a/1/s/AutoRest/SDKs/PowerShell/JumpCloud.SDK.DirectoryInsights/generated/api/Models/Sshkeylist.cs
DEBUG [30.76 s]: Emitting 'source-file-csharp' at file:///D:/a/1/s/AutoRest/SDKs/PowerShell/JumpCloud.SDK.DirectoryInsights/generated/api/Models/Sshkeylist.json.cs
DEBUG [30.77 s]: Emitting 'source-file-csharp' at file:///D:/a/1/s/AutoRest/SDKs/PowerShell/JumpCloud.SDK.DirectoryInsights/generated/api/Models/Systemuser.cs
DEBUG [30.77 s]: Emitting 'source-file-csharp' at file:///D:/a/1/s/AutoRest/SDKs/PowerShell/JumpCloud.SDK.DirectoryInsights/generated/api/Models/Systemuser.json.cs
DEBUG [30.77 s]: Emitting 'source-file-csharp' at file:///D:/a/1/s/AutoRest/SDKs/PowerShell/JumpCloud.SDK.DirectoryInsights/generated/api/Models/SystemuserAttributesItem.cs
DEBUG [30.77 s]: Emitting 'source-file-csharp' at file:///D:/a/1/s/AutoRest/SDKs/PowerShell/JumpCloud.SDK.DirectoryInsights/generated/api/Models/SystemuserAttributesItem.json.cs
DEBUG [30.77 s]: Emitting 'source-file-csharp' at file:///D:/a/1/s/AutoRest/SDKs/PowerShell/JumpCloud.SDK.DirectoryInsights/generated/api/Models/EventCount.cs
DEBUG [30.77 s]: Emitting 'source-file-csharp' at file:///D:/a/1/s/AutoRest/SDKs/PowerShell/JumpCloud.SDK.DirectoryInsights/generated/api/Models/EventCount.json.cs
DEBUG [30.77 s]: Emitting 'source-file-csharp' at file:///D:/a/1/s/AutoRest/SDKs/PowerShell/JumpCloud.SDK.DirectoryInsights/generated/api/Models/EventQuery.cs
DEBUG [30.77 s]: Emitting 'source-file-csharp' at file:///D:/a/1/s/AutoRest/SDKs/PowerShell/JumpCloud.SDK.DirectoryInsights/generated/api/Models/EventQuery.json.cs
DEBUG [30.77 s]: Emitting 'source-file-csharp' at file:///D:/a/1/s/AutoRest/SDKs/PowerShell/JumpCloud.SDK.DirectoryInsights/generated/api/Models/Systemuserputpost.cs
DEBUG [30.78 s]: Emitting 'source-file-csharp' at file:///D:/a/1/s/AutoRest/SDKs/PowerShell/JumpCloud.SDK.DirectoryInsights/generated/api/Models/Systemuserputpost.json.cs
DEBUG [30.78 s]: Emitting 'source-file-csharp' at file:///D:/a/1/s/AutoRest/SDKs/PowerShell/JumpCloud.SDK.DirectoryInsights/generated/api/Models/SystemuserputpostAttributesItem.cs
DEBUG [30.78 s]: Emitting 'source-file-csharp' at file:///D:/a/1/s/AutoRest/SDKs/PowerShell/JumpCloud.SDK.DirectoryInsights/generated/api/Models/SystemuserputpostAttributesItem.json.cs
DEBUG [30.78 s]: Emitting 'source-file-csharp' at file:///D:/a/1/s/AutoRest/SDKs/PowerShell/JumpCloud.SDK.DirectoryInsights/generated/api/Models/SystemuserputpostAddressesItem.cs
DEBUG [30.78 s]: Emitting 'source-file-csharp' at file:///D:/a/1/s/AutoRest/SDKs/PowerShell/JumpCloud.SDK.DirectoryInsights/generated/api/Models/SystemuserputpostAddressesItem.json.cs
DEBUG [30.78 s]: Emitting 'source-file-csharp' at file:///D:/a/1/s/AutoRest/SDKs/PowerShell/JumpCloud.SDK.DirectoryInsights/generated/api/Models/SystemuserputpostPhoneNumbersItem.cs
DEBUG [30.79 s]: Emitting 'source-file-csharp' at file:///D:/a/1/s/AutoRest/SDKs/PowerShell/JumpCloud.SDK.DirectoryInsights/generated/api/Models/SystemuserputpostPhoneNumbersItem.json.cs
DEBUG [30.79 s]: Emitting 'source-file-csharp' at file:///D:/a/1/s/AutoRest/SDKs/PowerShell/JumpCloud.SDK.DirectoryInsights/generated/api/Models/SystemuserputpostRelationshipsItem.cs
DEBUG [30.79 s]: Emitting 'source-file-csharp' at file:///D:/a/1/s/AutoRest/SDKs/PowerShell/JumpCloud.SDK.DirectoryInsights/generated/api/Models/SystemuserputpostRelationshipsItem.json.cs
DEBUG [30.79 s]: Emitting 'source-file-csharp' at file:///D:/a/1/s/AutoRest/SDKs/PowerShell/JumpCloud.SDK.DirectoryInsights/generated/api/Models/TermItem.cs
DEBUG [30.79 s]: Emitting 'source-file-csharp' at file:///D:/a/1/s/AutoRest/SDKs/PowerShell/JumpCloud.SDK.DirectoryInsights/generated/api/Models/TermItem.json.cs
DEBUG [30.79 s]: Emitting 'source-file-csharp' at file:///D:/a/1/s/AutoRest/SDKs/PowerShell/JumpCloud.SDK.DirectoryInsights/generated/api/Models/Post200ApplicationJsonItemsItem.cs
DEBUG [30.79 s]: Emitting 'source-file-csharp' at file:///D:/a/1/s/AutoRest/SDKs/PowerShell/JumpCloud.SDK.DirectoryInsights/generated/api/Models/Post200ApplicationJsonItemsItem.dictionary.cs
DEBUG [30.8 s]: Emitting 'source-file-csharp' at file:///D:/a/1/s/AutoRest/SDKs/PowerShell/JumpCloud.SDK.DirectoryInsights/generated/api/Models/Post200ApplicationJsonItemsItem.json.cs
DEBUG [30.8 s]: Emitting 'source-file-csharp' at file:///D:/a/1/s/AutoRest/SDKs/PowerShell/JumpCloud.SDK.DirectoryInsights/generated/api/Models/DirectoryInsightsApiIdentity.cs
DEBUG [30.8 s]: Emitting 'source-file-csharp' at file:///D:/a/1/s/AutoRest/SDKs/PowerShell/JumpCloud.SDK.DirectoryInsights/generated/api/Models/DirectoryInsightsApiIdentity.json.cs
DEBUG [30.8 s]: Emitting 'source-file-csharp' at file:///D:/a/1/s/AutoRest/SDKs/PowerShell/JumpCloud.SDK.DirectoryInsights/generated/runtime/CmdInfoHandler.cs
DEBUG [30.8 s]: Emitting 'source-file-csharp' at file:///D:/a/1/s/AutoRest/SDKs/PowerShell/JumpCloud.SDK.DirectoryInsights/generated/runtime/Extensions.cs
DEBUG [30.8 s]: Emitting 'source-file-csharp' at file:///D:/a/1/s/AutoRest/SDKs/PowerShell/JumpCloud.SDK.DirectoryInsights/generated/runtime/IAssociativeArray.cs
DEBUG [30.8 s]: Emitting 'source-file-csharp' at file:///D:/a/1/s/AutoRest/SDKs/PowerShell/JumpCloud.SDK.DirectoryInsights/generated/runtime/IHeaderSerializable.cs
DEBUG [30.81 s]: Emitting 'source-file-csharp' at file:///D:/a/1/s/AutoRest/SDKs/PowerShell/JumpCloud.SDK.DirectoryInsights/generated/runtime/InfoAttribute.cs
DEBUG [30.81 s]: Emitting 'source-file-csharp' at file:///D:/a/1/s/AutoRest/SDKs/PowerShell/JumpCloud.SDK.DirectoryInsights/generated/runtime/Method.cs
DEBUG [30.81 s]: Emitting 'source-file-csharp' at file:///D:/a/1/s/AutoRest/SDKs/PowerShell/JumpCloud.SDK.DirectoryInsights/generated/runtime/SerializationMode.cs
DEBUG [30.81 s]: Emitting 'source-file-csharp' at file:///D:/a/1/s/AutoRest/SDKs/PowerShell/JumpCloud.SDK.DirectoryInsights/generated/runtime/UndeclaredResponseException.cs
DEBUG [30.81 s]: Emitting 'source-file-csharp' at file:///D:/a/1/s/AutoRest/SDKs/PowerShell/JumpCloud.SDK.DirectoryInsights/generated/runtime/delegates.cs
DEBUG [30.81 s]: Emitting 'source-file-csharp' at file:///D:/a/1/s/AutoRest/SDKs/PowerShell/JumpCloud.SDK.DirectoryInsights/generated/runtime/EventData.cs
DEBUG [30.81 s]: Emitting 'source-file-csharp' at file:///D:/a/1/s/AutoRest/SDKs/PowerShell/JumpCloud.SDK.DirectoryInsights/generated/runtime/EventListener.cs
DEBUG [30.81 s]: Emitting 'source-file-csharp' at file:///D:/a/1/s/AutoRest/SDKs/PowerShell/JumpCloud.SDK.DirectoryInsights/generated/runtime/Events.cs
DEBUG [30.81 s]: Emitting 'source-file-csharp' at file:///D:/a/1/s/AutoRest/SDKs/PowerShell/JumpCloud.SDK.DirectoryInsights/generated/runtime/ISendAsync.cs
DEBUG [30.81 s]: Emitting 'source-file-csharp' at file:///D:/a/1/s/AutoRest/SDKs/PowerShell/JumpCloud.SDK.DirectoryInsights/generated/runtime/PipelineMocking.cs
DEBUG [30.82 s]: Emitting 'source-file-csharp' at file:///D:/a/1/s/AutoRest/SDKs/PowerShell/JumpCloud.SDK.DirectoryInsights/generated/runtime/Response.cs
DEBUG [30.82 s]: Emitting 'source-file-csharp' at file:///D:/a/1/s/AutoRest/SDKs/PowerShell/JumpCloud.SDK.DirectoryInsights/generated/runtime/Conversions/ConversionException.cs
DEBUG [30.82 s]: Emitting 'source-file-csharp' at file:///D:/a/1/s/AutoRest/SDKs/PowerShell/JumpCloud.SDK.DirectoryInsights/generated/runtime/Customizations/IJsonSerializable.cs
DEBUG [30.82 s]: Emitting 'source-file-csharp' at file:///D:/a/1/s/AutoRest/SDKs/PowerShell/JumpCloud.SDK.DirectoryInsights/generated/runtime/Conversions/IJsonConverter.cs
DEBUG [30.82 s]: Emitting 'source-file-csharp' at file:///D:/a/1/s/AutoRest/SDKs/PowerShell/JumpCloud.SDK.DirectoryInsights/generated/runtime/JsonType.cs
DEBUG [30.82 s]: Emitting 'source-file-csharp' at file:///D:/a/1/s/AutoRest/SDKs/PowerShell/JumpCloud.SDK.DirectoryInsights/generated/runtime/Helpers/Seperator.cs
DEBUG [30.82 s]: Emitting 'source-file-csharp' at file:///D:/a/1/s/AutoRest/SDKs/PowerShell/JumpCloud.SDK.DirectoryInsights/generated/runtime/Iso/IsoDate.cs
DEBUG [30.82 s]: Emitting 'source-file-csharp' at file:///D:/a/1/s/AutoRest/SDKs/PowerShell/JumpCloud.SDK.DirectoryInsights/generated/runtime/Helpers/Extensions/StringBuilderExtensions.cs
DEBUG [30.82 s]: Emitting 'source-file-csharp' at file:///D:/a/1/s/AutoRest/SDKs/PowerShell/JumpCloud.SDK.DirectoryInsights/generated/runtime/Customizations/JsonArray.cs
DEBUG [30.82 s]: Emitting 'source-file-csharp' at file:///D:/a/1/s/AutoRest/SDKs/PowerShell/JumpCloud.SDK.DirectoryInsights/generated/runtime/Conversions/JsonConverter.cs
DEBUG [30.83 s]: Emitting 'source-file-csharp' at file:///D:/a/1/s/AutoRest/SDKs/PowerShell/JumpCloud.SDK.DirectoryInsights/generated/runtime/Helpers/TypeDetails.cs
DEBUG [30.83 s]: Emitting 'source-file-csharp' at file:///D:/a/1/s/AutoRest/SDKs/PowerShell/JumpCloud.SDK.DirectoryInsights/generated/runtime/Helpers/Extensions/TypeExtensions.cs
DEBUG [30.83 s]: Emitting 'source-file-csharp' at file:///D:/a/1/s/AutoRest/SDKs/PowerShell/JumpCloud.SDK.DirectoryInsights/generated/runtime/Customizations/JsonBoolean.cs
DEBUG [30.83 s]: Emitting 'source-file-csharp' at file:///D:/a/1/s/AutoRest/SDKs/PowerShell/JumpCloud.SDK.DirectoryInsights/generated/runtime/Conversions/Instances/BinaryConverter.cs
DEBUG [30.83 s]: Emitting 'source-file-csharp' at file:///D:/a/1/s/AutoRest/SDKs/PowerShell/JumpCloud.SDK.DirectoryInsights/generated/runtime/Models/JsonMember.cs
DEBUG [30.84 s]: Emitting 'source-file-csharp' at file:///D:/a/1/s/AutoRest/SDKs/PowerShell/JumpCloud.SDK.DirectoryInsights/generated/runtime/Conversions/JsonConverterAttribute.cs
DEBUG [30.84 s]: Emitting 'source-file-csharp' at file:///D:/a/1/s/AutoRest/SDKs/PowerShell/JumpCloud.SDK.DirectoryInsights/generated/runtime/Helpers/XHelper.cs
DEBUG [30.84 s]: Emitting 'source-file-csharp' at file:///D:/a/1/s/AutoRest/SDKs/PowerShell/JumpCloud.SDK.DirectoryInsights/generated/runtime/Conversions/Instances/BooleanConverter.cs
DEBUG [30.84 s]: Emitting 'source-file-csharp' at file:///D:/a/1/s/AutoRest/SDKs/PowerShell/JumpCloud.SDK.DirectoryInsights/generated/runtime/Customizations/JsonNode.cs
DEBUG [30.84 s]: Emitting 'source-file-csharp' at file:///D:/a/1/s/AutoRest/SDKs/PowerShell/JumpCloud.SDK.DirectoryInsights/generated/runtime/Nodes/JsonBoolean.cs
DEBUG [30.84 s]: Emitting 'source-file-csharp' at file:///D:/a/1/s/AutoRest/SDKs/PowerShell/JumpCloud.SDK.DirectoryInsights/generated/runtime/Models/JsonModel.cs
DEBUG [30.84 s]: Emitting 'source-file-csharp' at file:///D:/a/1/s/AutoRest/SDKs/PowerShell/JumpCloud.SDK.DirectoryInsights/generated/runtime/Nodes/Collections/JsonArray.cs
DEBUG [30.84 s]: Emitting 'source-file-csharp' at file:///D:/a/1/s/AutoRest/SDKs/PowerShell/JumpCloud.SDK.DirectoryInsights/generated/runtime/Serialization/JsonSerializer.cs
DEBUG [30.85 s]: Emitting 'source-file-csharp' at file:///D:/a/1/s/AutoRest/SDKs/PowerShell/JumpCloud.SDK.DirectoryInsights/generated/runtime/Parser/JsonParser.cs
DEBUG [30.85 s]: Emitting 'source-file-csharp' at file:///D:/a/1/s/AutoRest/SDKs/PowerShell/JumpCloud.SDK.DirectoryInsights/generated/runtime/Conversions/JsonConverterFactory.cs
DEBUG [30.85 s]: Emitting 'source-file-csharp' at file:///D:/a/1/s/AutoRest/SDKs/PowerShell/JumpCloud.SDK.DirectoryInsights/generated/runtime/Parser/Exceptions/ParseException.cs
DEBUG [30.85 s]: Emitting 'source-file-csharp' at file:///D:/a/1/s/AutoRest/SDKs/PowerShell/JumpCloud.SDK.DirectoryInsights/generated/runtime/Writers/JsonWriter.cs
DEBUG [30.85 s]: Emitting 'source-file-csharp' at file:///D:/a/1/s/AutoRest/SDKs/PowerShell/JumpCloud.SDK.DirectoryInsights/generated/runtime/Conversions/Instances/DateTimeConverter.cs
DEBUG [30.85 s]: Emitting 'source-file-csharp' at file:///D:/a/1/s/AutoRest/SDKs/PowerShell/JumpCloud.SDK.DirectoryInsights/generated/runtime/Customizations/JsonNumber.cs
DEBUG [30.85 s]: Emitting 'source-file-csharp' at file:///D:/a/1/s/AutoRest/SDKs/PowerShell/JumpCloud.SDK.DirectoryInsights/generated/runtime/Nodes/JsonDate.cs
DEBUG [30.85 s]: Emitting 'source-file-csharp' at file:///D:/a/1/s/AutoRest/SDKs/PowerShell/JumpCloud.SDK.DirectoryInsights/generated/runtime/Models/JsonModelCache.cs
DEBUG [30.85 s]: Emitting 'source-file-csharp' at file:///D:/a/1/s/AutoRest/SDKs/PowerShell/JumpCloud.SDK.DirectoryInsights/generated/runtime/Nodes/Collections/XImmutableArray.cs
DEBUG [30.85 s]: Emitting 'source-file-csharp' at file:///D:/a/1/s/AutoRest/SDKs/PowerShell/JumpCloud.SDK.DirectoryInsights/generated/runtime/Serialization/PropertyTransformation.cs
DEBUG [30.85 s]: Emitting 'source-file-csharp' at file:///D:/a/1/s/AutoRest/SDKs/PowerShell/JumpCloud.SDK.DirectoryInsights/generated/runtime/Parser/JsonToken.cs
DEBUG [30.86 s]: Emitting 'source-file-csharp' at file:///D:/a/1/s/AutoRest/SDKs/PowerShell/JumpCloud.SDK.DirectoryInsights/generated/runtime/Conversions/StringLikeConverter.cs
DEBUG [30.86 s]: Emitting 'source-file-csharp' at file:///D:/a/1/s/AutoRest/SDKs/PowerShell/JumpCloud.SDK.DirectoryInsights/generated/runtime/Conversions/Instances/DateTimeOffsetConverter.cs
DEBUG [30.86 s]: Emitting 'source-file-csharp' at file:///D:/a/1/s/AutoRest/SDKs/PowerShell/JumpCloud.SDK.DirectoryInsights/generated/runtime/Customizations/JsonObject.cs
DEBUG [30.86 s]: Emitting 'source-file-csharp' at file:///D:/a/1/s/AutoRest/SDKs/PowerShell/JumpCloud.SDK.DirectoryInsights/generated/runtime/Nodes/JsonNode.cs
DEBUG [30.86 s]: Emitting 'source-file-csharp' at file:///D:/a/1/s/AutoRest/SDKs/PowerShell/JumpCloud.SDK.DirectoryInsights/generated/runtime/Nodes/Collections/XList.cs
DEBUG [30.86 s]: Emitting 'source-file-csharp' at file:///D:/a/1/s/AutoRest/SDKs/PowerShell/JumpCloud.SDK.DirectoryInsights/generated/runtime/Serialization/SerializationOptions.cs
DEBUG [30.86 s]: Emitting 'source-file-csharp' at file:///D:/a/1/s/AutoRest/SDKs/PowerShell/JumpCloud.SDK.DirectoryInsights/generated/runtime/Parser/JsonTokenizer.cs
DEBUG [30.86 s]: Emitting 'source-file-csharp' at file:///D:/a/1/s/AutoRest/SDKs/PowerShell/JumpCloud.SDK.DirectoryInsights/generated/runtime/Conversions/Instances/DecimalConverter.cs
DEBUG [30.86 s]: Emitting 'source-file-csharp' at file:///D:/a/1/s/AutoRest/SDKs/PowerShell/JumpCloud.SDK.DirectoryInsights/generated/runtime/Customizations/JsonString.cs
DEBUG [30.86 s]: Emitting 'source-file-csharp' at file:///D:/a/1/s/AutoRest/SDKs/PowerShell/JumpCloud.SDK.DirectoryInsights/generated/runtime/Nodes/Collections/XNodeArray.cs
DEBUG [30.86 s]: Emitting 'source-file-csharp' at file:///D:/a/1/s/AutoRest/SDKs/PowerShell/JumpCloud.SDK.DirectoryInsights/generated/runtime/Parser/Location.cs
DEBUG [30.86 s]: Emitting 'source-file-csharp' at file:///D:/a/1/s/AutoRest/SDKs/PowerShell/JumpCloud.SDK.DirectoryInsights/generated/runtime/Nodes/JsonNumber.cs
DEBUG [30.87 s]: Emitting 'source-file-csharp' at file:///D:/a/1/s/AutoRest/SDKs/PowerShell/JumpCloud.SDK.DirectoryInsights/generated/runtime/Conversions/Instances/DoubleConverter.cs
DEBUG [30.87 s]: Emitting 'source-file-csharp' at file:///D:/a/1/s/AutoRest/SDKs/PowerShell/JumpCloud.SDK.DirectoryInsights/generated/runtime/Customizations/XNodeArray.cs
DEBUG [30.87 s]: Emitting 'source-file-csharp' at file:///D:/a/1/s/AutoRest/SDKs/PowerShell/JumpCloud.SDK.DirectoryInsights/generated/runtime/Nodes/Collections/XSet.cs
DEBUG [30.87 s]: Emitting 'source-file-csharp' at file:///D:/a/1/s/AutoRest/SDKs/PowerShell/JumpCloud.SDK.DirectoryInsights/generated/runtime/Nodes/JsonObject.cs
DEBUG [30.87 s]: Emitting 'source-file-csharp' at file:///D:/a/1/s/AutoRest/SDKs/PowerShell/JumpCloud.SDK.DirectoryInsights/generated/runtime/Conversions/Instances/EnumConverter.cs
DEBUG [30.87 s]: Emitting 'source-file-csharp' at file:///D:/a/1/s/AutoRest/SDKs/PowerShell/JumpCloud.SDK.DirectoryInsights/generated/runtime/Parser/TokenReader.cs
DEBUG [30.87 s]: Emitting 'source-file-csharp' at file:///D:/a/1/s/AutoRest/SDKs/PowerShell/JumpCloud.SDK.DirectoryInsights/generated/runtime/Parser/Readers/SourceReader.cs
DEBUG [30.87 s]: Emitting 'source-file-csharp' at file:///D:/a/1/s/AutoRest/SDKs/PowerShell/JumpCloud.SDK.DirectoryInsights/generated/runtime/Nodes/JsonString.cs
DEBUG [30.87 s]: Emitting 'source-file-csharp' at file:///D:/a/1/s/AutoRest/SDKs/PowerShell/JumpCloud.SDK.DirectoryInsights/generated/runtime/Conversions/Instances/GuidConverter.cs
DEBUG [30.87 s]: Emitting 'source-file-csharp' at file:///D:/a/1/s/AutoRest/SDKs/PowerShell/JumpCloud.SDK.DirectoryInsights/generated/runtime/Nodes/XBinary.cs
DEBUG [30.87 s]: Emitting 'source-file-csharp' at file:///D:/a/1/s/AutoRest/SDKs/PowerShell/JumpCloud.SDK.DirectoryInsights/generated/runtime/Conversions/Instances/HashSet%271Converter.cs
DEBUG [30.88 s]: Emitting 'source-file-csharp' at file:///D:/a/1/s/AutoRest/SDKs/PowerShell/JumpCloud.SDK.DirectoryInsights/generated/runtime/Nodes/XNull.cs
DEBUG [30.88 s]: Emitting 'source-file-csharp' at file:///D:/a/1/s/AutoRest/SDKs/PowerShell/JumpCloud.SDK.DirectoryInsights/generated/runtime/Conversions/Instances/Int16Converter.cs
DEBUG [30.88 s]: Emitting 'source-file-csharp' at file:///D:/a/1/s/AutoRest/SDKs/PowerShell/JumpCloud.SDK.DirectoryInsights/generated/runtime/Conversions/Instances/Int32Converter.cs
DEBUG [30.88 s]: Emitting 'source-file-csharp' at file:///D:/a/1/s/AutoRest/SDKs/PowerShell/JumpCloud.SDK.DirectoryInsights/generated/runtime/Conversions/Instances/Int64Converter.cs
DEBUG [30.88 s]: Emitting 'source-file-csharp' at file:///D:/a/1/s/AutoRest/SDKs/PowerShell/JumpCloud.SDK.DirectoryInsights/generated/runtime/Conversions/Instances/JsonArrayConverter.cs
DEBUG [30.88 s]: Emitting 'source-file-csharp' at file:///D:/a/1/s/AutoRest/SDKs/PowerShell/JumpCloud.SDK.DirectoryInsights/generated/runtime/Conversions/Instances/JsonObjectConverter.cs
DEBUG [30.88 s]: Emitting 'source-file-csharp' at file:///D:/a/1/s/AutoRest/SDKs/PowerShell/JumpCloud.SDK.DirectoryInsights/generated/runtime/Conversions/Instances/SingleConverter.cs
DEBUG [30.88 s]: Emitting 'source-file-csharp' at file:///D:/a/1/s/AutoRest/SDKs/PowerShell/JumpCloud.SDK.DirectoryInsights/generated/runtime/Conversions/Instances/StringConverter.cs
DEBUG [30.88 s]: Emitting 'source-file-csharp' at file:///D:/a/1/s/AutoRest/SDKs/PowerShell/JumpCloud.SDK.DirectoryInsights/generated/runtime/Conversions/Instances/TimeSpanConverter.cs
DEBUG [30.89 s]: Emitting 'source-file-csharp' at file:///D:/a/1/s/AutoRest/SDKs/PowerShell/JumpCloud.SDK.DirectoryInsights/generated/runtime/Conversions/Instances/UInt16Converter.cs
DEBUG [30.89 s]: Emitting 'source-file-csharp' at file:///D:/a/1/s/AutoRest/SDKs/PowerShell/JumpCloud.SDK.DirectoryInsights/generated/runtime/Conversions/Instances/UInt32Converter.cs
DEBUG [30.89 s]: Emitting 'source-file-csharp' at file:///D:/a/1/s/AutoRest/SDKs/PowerShell/JumpCloud.SDK.DirectoryInsights/generated/runtime/Conversions/Instances/UInt64Converter.cs
DEBUG [30.89 s]: Emitting 'source-file-csharp' at file:///D:/a/1/s/AutoRest/SDKs/PowerShell/JumpCloud.SDK.DirectoryInsights/generated/runtime/Conversions/Instances/UriConverter.cs
DEBUG [30.89 s]: llcsharp/emitter - END [0.15 s]
DEBUG [31.93 s]: powershell - END [1.92 s]
DEBUG [31.93 s]: powershell/text-transform - START inputs = 188
DEBUG [31.93 s]: Running text transform 'source-file-csharp/FixFromXML' on mem:///205?.%2Fgenerated%2FModule.cs 
DEBUG [31.93 s]: Running text transform 'source-file-csharp/FixFromXML' on mem:///206?generated%5Capi%5CModels%2FErrorMessage.PowerShell.cs 
DEBUG [31.93 s]: Running text transform 'source-file-csharp/FixFromXML' on mem:///207?.%2Fgenerated%2Fcmdlets%2FGetJcSdkInternalEvent_Get.cs 
DEBUG [31.93 s]: Running text transform 'source-file-csharp/FixFromXML' on mem:///208?generated%5Capi%5CModels%2FErrorMessage.TypeConverter.cs 
DEBUG [31.94 s]: Running text transform 'source-file-csharp/FixFromXML' on mem:///209?.%2Fgenerated%2Fcmdlets%2FGetJcSdkInternalEvent_GetExpanded.cs 
DEBUG [31.94 s]: Running text transform 'source-file-csharp/FixFromXML' on mem:///210?generated%5Capi%5CModels%2FMfa.PowerShell.cs 
DEBUG [31.94 s]: Running text transform 'source-file-csharp/FixFromXML' on mem:///211?.%2Fgenerated%2Fcmdlets%2FGetJcSdkInternalEventCount_Get.cs 
DEBUG [31.94 s]: Running text transform 'source-file-csharp/FixFromXML' on mem:///212?generated%5Capi%5CModels%2FMfa.TypeConverter.cs 
DEBUG [31.94 s]: Running text transform 'source-file-csharp/FixFromXML' on mem:///213?.%2Fgenerated%2Fcmdlets%2FGetJcSdkInternalEventCount_GetExpanded.cs 
DEBUG [31.94 s]: Running text transform 'source-file-csharp/FixFromXML' on mem:///214?generated%5Capi%5CModels%2FSearchTerm.PowerShell.cs 
DEBUG [31.94 s]: Running text transform 'source-file-csharp/FixFromXML' on mem:///215?generated%5Capi%5CModels%2FSearchTerm.TypeConverter.cs 
DEBUG [31.94 s]: Running text transform 'source-file-csharp/FixFromXML' on mem:///216?generated%5Capi%5CModels%2FSearchTermAnd.PowerShell.cs 
DEBUG [31.94 s]: Running text transform 'source-file-csharp/FixFromXML' on mem:///217?generated%5Capi%5CModels%2FSearchTermAnd.TypeConverter.cs 
DEBUG [31.94 s]: Running text transform 'source-file-csharp/FixFromXML' on mem:///218?generated%5Capi%5CModels%2FSearchTermOr.PowerShell.cs 
DEBUG [31.94 s]: Running text transform 'source-file-csharp/FixFromXML' on mem:///219?generated%5Capi%5CModels%2FSearchTermOr.TypeConverter.cs 
DEBUG [31.94 s]: Running text transform 'source-file-csharp/FixFromXML' on mem:///220?generated%5Capi%5CModels%2FErrorresponse.PowerShell.cs 
DEBUG [31.94 s]: Running text transform 'source-file-csharp/FixFromXML' on mem:///221?generated%5Capi%5CModels%2FErrorresponse.TypeConverter.cs 
DEBUG [31.94 s]: Running text transform 'source-file-csharp/FixFromXML' on mem:///222?generated%5Capi%5CModels%2FSshkeylist.PowerShell.cs 
DEBUG [31.94 s]: Running text transform 'source-file-csharp/FixFromXML' on mem:///223?generated%5Capi%5CModels%2FSshkeylist.TypeConverter.cs 
DEBUG [31.94 s]: Running text transform 'source-file-csharp/FixFromXML' on mem:///224?generated%5Capi%5CModels%2FSystemuser.PowerShell.cs 
DEBUG [31.94 s]: Running text transform 'source-file-csharp/FixFromXML' on mem:///225?generated%5Capi%5CModels%2FSystemuser.TypeConverter.cs 
DEBUG [31.95 s]: Running text transform 'source-file-csharp/FixFromXML' on mem:///226?generated%5Capi%5CModels%2FSystemuserAttributesItem.PowerShell.cs 
DEBUG [31.95 s]: Running text transform 'source-file-csharp/FixFromXML' on mem:///227?generated%5Capi%5CModels%2FSystemuserAttributesItem.TypeConverter.cs 
DEBUG [31.95 s]: Running text transform 'source-file-csharp/FixFromXML' on mem:///228?generated%5Capi%5CModels%2FEventCount.PowerShell.cs 
DEBUG [31.95 s]: Running text transform 'source-file-csharp/FixFromXML' on mem:///229?generated%5Capi%5CModels%2FEventCount.TypeConverter.cs 
DEBUG [31.95 s]: Running text transform 'source-file-csharp/FixFromXML' on mem:///230?generated%5Capi%5CModels%2FEventQuery.PowerShell.cs 
DEBUG [31.95 s]: Running text transform 'source-file-csharp/FixFromXML' on mem:///231?generated%5Capi%5CModels%2FEventQuery.TypeConverter.cs 
DEBUG [31.95 s]: Running text transform 'source-file-csharp/FixFromXML' on mem:///232?generated%5Capi%5CModels%2FSystemuserputpost.PowerShell.cs 
DEBUG [31.95 s]: Running text transform 'source-file-csharp/FixFromXML' on mem:///233?generated%5Capi%5CModels%2FSystemuserputpost.TypeConverter.cs 
DEBUG [31.95 s]: Running text transform 'source-file-csharp/FixFromXML' on mem:///234?generated%5Capi%5CModels%2FSystemuserputpostAttributesItem.PowerShell.cs 
DEBUG [31.95 s]: Running text transform 'source-file-csharp/FixFromXML' on mem:///235?generated%5Capi%5CModels%2FSystemuserputpostAttributesItem.TypeConverter.cs 
DEBUG [31.95 s]: Running text transform 'source-file-csharp/FixFromXML' on mem:///236?generated%5Capi%5CModels%2FSystemuserputpostAddressesItem.PowerShell.cs 
DEBUG [31.95 s]: Running text transform 'source-file-csharp/FixFromXML' on mem:///237?generated%5Capi%5CModels%2FSystemuserputpostAddressesItem.TypeConverter.cs 
DEBUG [31.95 s]: Running text transform 'source-file-csharp/FixFromXML' on mem:///238?generated%5Capi%5CModels%2FSystemuserputpostPhoneNumbersItem.PowerShell.cs 
DEBUG [31.95 s]: Running text transform 'source-file-csharp/FixFromXML' on mem:///239?generated%5Capi%5CModels%2FSystemuserputpostPhoneNumbersItem.TypeConverter.cs 
DEBUG [31.95 s]: Running text transform 'source-file-csharp/FixFromXML' on mem:///240?generated%5Capi%5CModels%2FSystemuserputpostRelationshipsItem.PowerShell.cs 
DEBUG [31.95 s]: Running text transform 'source-file-csharp/FixFromXML' on mem:///241?generated%5Capi%5CModels%2FSystemuserputpostRelationshipsItem.TypeConverter.cs 
DEBUG [31.95 s]: Running text transform 'source-file-csharp/FixFromXML' on mem:///242?generated%5Capi%5CModels%2FTermItem.PowerShell.cs 
DEBUG [31.95 s]: Running text transform 'source-file-csharp/FixFromXML' on mem:///243?generated%5Capi%5CModels%2FTermItem.TypeConverter.cs 
DEBUG [31.96 s]: Running text transform 'source-file-csharp/FixFromXML' on mem:///244?generated%5Capi%5CModels%2FPost200ApplicationJsonItemsItem.PowerShell.cs 
DEBUG [31.96 s]: Running text transform 'source-file-csharp/FixFromXML' on mem:///245?generated%5Capi%5CModels%2FPost200ApplicationJsonItemsItem.TypeConverter.cs 
DEBUG [31.96 s]: Running text transform 'source-file-csharp/FixFromXML' on mem:///246?generated%5Capi%5CModels%2FDirectoryInsightsApiIdentity.PowerShell.cs 
DEBUG [31.96 s]: Running text transform 'source-file-csharp/FixFromXML' on mem:///247?generated%5Capi%5CModels%2FDirectoryInsightsApiIdentity.TypeConverter.cs 
DEBUG [31.96 s]: Running text transform 'source-file-csharp/FixFromXML' on mem:///449?generated%5Cruntime%5CAsyncCommandRuntime.cs 
DEBUG [31.96 s]: Running text transform 'source-file-csharp/FixFromXML' on mem:///450?generated%5Cruntime%5CAsyncJob.cs 
DEBUG [31.96 s]: Running text transform 'source-file-csharp/FixFromXML' on mem:///451?generated%5Cruntime%5CAsyncOperationResponse.cs 
DEBUG [31.96 s]: Running text transform 'source-file-csharp/FixFromXML' on mem:///452?generated%5Cruntime%5CDebugging.cs 
DEBUG [31.96 s]: Running text transform 'source-file-csharp/FixFromXML' on mem:///453?generated%5Cruntime%5CBuildTime%5CCollectionExtensions.cs 
DEBUG [31.96 s]: Running text transform 'source-file-csharp/FixFromXML' on mem:///454?generated%5Cruntime%5CDictionaryExtensions.cs 
DEBUG [31.96 s]: Running text transform 'source-file-csharp/FixFromXML' on mem:///455?generated%5Cruntime%5CBuildTime%5CMarkdownRenderer.cs 
DEBUG [31.96 s]: Running text transform 'source-file-csharp/FixFromXML' on mem:///456?generated%5Cruntime%5CBuildTime%5CCmdlets%5CExportCmdletSurface.cs 
DEBUG [31.96 s]: Running text transform 'source-file-csharp/FixFromXML' on mem:///457?generated%5Cruntime%5CEventDataExtensions.cs 
DEBUG [31.96 s]: Running text transform 'source-file-csharp/FixFromXML' on mem:///458?generated%5Cruntime%5CBuildTime%5CCmdlets%5CExportExampleStub.cs 
DEBUG [31.97 s]: Running text transform 'source-file-csharp/FixFromXML' on mem:///459?generated%5Cruntime%5CBuildTime%5CPsAttributes.cs 
DEBUG [31.97 s]: Running text transform 'source-file-csharp/FixFromXML' on mem:///460?generated%5Cruntime%5CEventsExtensions.cs 
DEBUG [31.97 s]: Running text transform 'source-file-csharp/FixFromXML' on mem:///461?generated%5Cruntime%5CBuildTime%5CModels%5CPsFormatTypes.cs 
DEBUG [31.97 s]: Running text transform 'source-file-csharp/FixFromXML' on mem:///462?generated%5Cruntime%5CBuildTime%5CPsExtensions.cs 
DEBUG [31.97 s]: Running text transform 'source-file-csharp/FixFromXML' on mem:///463?generated%5Cruntime%5CHttpPipeline.cs 
DEBUG [31.97 s]: Running text transform 'source-file-csharp/FixFromXML' on mem:///464?generated%5Cruntime%5CBuildTime%5CPsHelpers.cs 
DEBUG [31.97 s]: Running text transform 'source-file-csharp/FixFromXML' on mem:///465?generated%5Cruntime%5CBuildTime%5CModels%5CPsHelpTypes.cs 
DEBUG [31.97 s]: Running text transform 'source-file-csharp/FixFromXML' on mem:///466?generated%5Cruntime%5CBuildTime%5CStringExtensions.cs 
DEBUG [31.97 s]: Running text transform 'source-file-csharp/FixFromXML' on mem:///467?generated%5Cruntime%5CTypeConverterExtensions.cs 
DEBUG [31.97 s]: Running text transform 'source-file-csharp/FixFromXML' on mem:///468?generated%5Cruntime%5CBuildTime%5CModels%5CPsMarkdownTypes.cs 
DEBUG [31.97 s]: Running text transform 'source-file-csharp/FixFromXML' on mem:///469?generated%5Cruntime%5CBuildTime%5CXmlExtensions.cs 
DEBUG [31.97 s]: Running text transform 'source-file-csharp/FixFromXML' on mem:///470?generated%5Cruntime%5CBuildTime%5CCmdlets%5CExportHelpMarkdown.cs 
DEBUG [31.97 s]: Running text transform 'source-file-csharp/FixFromXML' on mem:///471?generated%5Cruntime%5CBuildTime%5CModels%5CPsHelpMarkdownOutputs.cs 
DEBUG [31.97 s]: Running text transform 'source-file-csharp/FixFromXML' on mem:///472?generated%5Cruntime%5CBuildTime%5CCmdlets%5CExportProxyCmdlet.cs 
DEBUG [31.98 s]: Running text transform 'source-file-csharp/FixFromXML' on mem:///473?generated%5Cruntime%5CBuildTime%5CModels%5CPsProxyTypes.cs 
DEBUG [31.98 s]: Running text transform 'source-file-csharp/FixFromXML' on mem:///474?generated%5Cruntime%5CBuildTime%5CCmdlets%5CExportTestStub.cs 
DEBUG [31.98 s]: Running text transform 'source-file-csharp/FixFromXML' on mem:///475?generated%5Cruntime%5CBuildTime%5CCmdlets%5CGetCommonParameter.cs 
DEBUG [31.98 s]: Running text transform 'source-file-csharp/FixFromXML' on mem:///476?generated%5Cruntime%5CBuildTime%5CCmdlets%5CGetModuleGuid.cs 
DEBUG [31.98 s]: Running text transform 'source-file-csharp/FixFromXML' on mem:///477?generated%5Cruntime%5CBuildTime%5CCmdlets%5CGetScriptCmdlet.cs 
DEBUG [31.98 s]: Running text transform 'source-file-csharp/FixFromXML' on mem:///478?generated%5Cruntime%5CHttpPipelineMocking.ps1 
DEBUG [31.98 s]: Running text transform 'source-file-csharp/FixFromXML' on mem:///479?generated%5Cruntime%5CBuildTime%5CCmdlets%5CExportFormatPs1xml.cs 
DEBUG [31.98 s]: Running text transform 'source-file-csharp/FixFromXML' on mem:///480?generated%5Cruntime%5CBuildTime%5CModels%5CPsProxyOutputs.cs 
DEBUG [31.98 s]: Running text transform 'source-file-csharp/FixFromXML' on mem:///481?generated%5Cruntime%5CBuildTime%5CCmdlets%5CExportModelSurface.cs 
DEBUG [31.98 s]: Running text transform 'source-file-csharp/FixFromXML' on mem:///482?generated%5Cruntime%5CBuildTime%5CCmdlets%5CExportPsd1.cs 
DEBUG [31.99 s]: Running text transform 'source-file-csharp/FixFromXML' on mem:///558?.%2FJumpCloud.SDK.DirectoryInsights.csproj 
DEBUG [31.99 s]: powershell/text-transform - END [0.05 s]
DEBUG [31.99 s]: powershell/emitter - START inputs = 188
DEBUG [31.99 s]: Emitting 'source-file-csharp' at file:///D:/a/1/s/AutoRest/SDKs/PowerShell/JumpCloud.SDK.DirectoryInsights/generated/Module.cs
DEBUG [31.99 s]: Emitting 'source-file-csharp' at file:///D:/a/1/s/AutoRest/SDKs/PowerShell/JumpCloud.SDK.DirectoryInsights/generated/api/Models/ErrorMessage.PowerShell.cs
DEBUG [32 s]: Emitting 'source-file-csharp' at file:///D:/a/1/s/AutoRest/SDKs/PowerShell/JumpCloud.SDK.DirectoryInsights/generated/cmdlets/GetJcSdkInternalEvent_Get.cs
DEBUG [32 s]: Emitting 'source-file-csharp' at file:///D:/a/1/s/AutoRest/SDKs/PowerShell/JumpCloud.SDK.DirectoryInsights/generated/api/Models/ErrorMessage.TypeConverter.cs
DEBUG [32 s]: Emitting 'source-file-csharp' at file:///D:/a/1/s/AutoRest/SDKs/PowerShell/JumpCloud.SDK.DirectoryInsights/generated/cmdlets/GetJcSdkInternalEvent_GetExpanded.cs
DEBUG [32.01 s]: Emitting 'source-file-csharp' at file:///D:/a/1/s/AutoRest/SDKs/PowerShell/JumpCloud.SDK.DirectoryInsights/generated/api/Models/Mfa.PowerShell.cs
DEBUG [32.01 s]: Emitting 'source-file-csharp' at file:///D:/a/1/s/AutoRest/SDKs/PowerShell/JumpCloud.SDK.DirectoryInsights/generated/cmdlets/GetJcSdkInternalEventCount_Get.cs
DEBUG [32.01 s]: Emitting 'source-file-csharp' at file:///D:/a/1/s/AutoRest/SDKs/PowerShell/JumpCloud.SDK.DirectoryInsights/generated/api/Models/Mfa.TypeConverter.cs
DEBUG [32.01 s]: Emitting 'source-file-csharp' at file:///D:/a/1/s/AutoRest/SDKs/PowerShell/JumpCloud.SDK.DirectoryInsights/generated/cmdlets/GetJcSdkInternalEventCount_GetExpanded.cs
DEBUG [32.01 s]: Emitting 'source-file-csharp' at file:///D:/a/1/s/AutoRest/SDKs/PowerShell/JumpCloud.SDK.DirectoryInsights/generated/api/Models/SearchTerm.PowerShell.cs
DEBUG [32.01 s]: Emitting 'source-file-csharp' at file:///D:/a/1/s/AutoRest/SDKs/PowerShell/JumpCloud.SDK.DirectoryInsights/generated/api/Models/SearchTerm.TypeConverter.cs
DEBUG [32.01 s]: Emitting 'source-file-csharp' at file:///D:/a/1/s/AutoRest/SDKs/PowerShell/JumpCloud.SDK.DirectoryInsights/generated/api/Models/SearchTermAnd.PowerShell.cs
DEBUG [32.01 s]: Emitting 'source-file-csharp' at file:///D:/a/1/s/AutoRest/SDKs/PowerShell/JumpCloud.SDK.DirectoryInsights/generated/api/Models/SearchTermAnd.TypeConverter.cs
DEBUG [32.01 s]: Emitting 'source-file-csharp' at file:///D:/a/1/s/AutoRest/SDKs/PowerShell/JumpCloud.SDK.DirectoryInsights/generated/api/Models/SearchTermOr.PowerShell.cs
DEBUG [32.02 s]: Emitting 'source-file-csharp' at file:///D:/a/1/s/AutoRest/SDKs/PowerShell/JumpCloud.SDK.DirectoryInsights/generated/api/Models/SearchTermOr.TypeConverter.cs
DEBUG [32.02 s]: Emitting 'source-file-csharp' at file:///D:/a/1/s/AutoRest/SDKs/PowerShell/JumpCloud.SDK.DirectoryInsights/generated/api/Models/Errorresponse.PowerShell.cs
DEBUG [32.02 s]: Emitting 'source-file-csharp' at file:///D:/a/1/s/AutoRest/SDKs/PowerShell/JumpCloud.SDK.DirectoryInsights/generated/api/Models/Errorresponse.TypeConverter.cs
DEBUG [32.02 s]: Emitting 'source-file-csharp' at file:///D:/a/1/s/AutoRest/SDKs/PowerShell/JumpCloud.SDK.DirectoryInsights/generated/api/Models/Sshkeylist.PowerShell.cs
DEBUG [32.02 s]: Emitting 'source-file-csharp' at file:///D:/a/1/s/AutoRest/SDKs/PowerShell/JumpCloud.SDK.DirectoryInsights/generated/api/Models/Sshkeylist.TypeConverter.cs
DEBUG [32.02 s]: Emitting 'source-file-csharp' at file:///D:/a/1/s/AutoRest/SDKs/PowerShell/JumpCloud.SDK.DirectoryInsights/generated/api/Models/Systemuser.PowerShell.cs
DEBUG [32.02 s]: Emitting 'source-file-csharp' at file:///D:/a/1/s/AutoRest/SDKs/PowerShell/JumpCloud.SDK.DirectoryInsights/generated/api/Models/Systemuser.TypeConverter.cs
DEBUG [32.02 s]: Emitting 'source-file-csharp' at file:///D:/a/1/s/AutoRest/SDKs/PowerShell/JumpCloud.SDK.DirectoryInsights/generated/api/Models/SystemuserAttributesItem.PowerShell.cs
DEBUG [32.02 s]: Emitting 'source-file-csharp' at file:///D:/a/1/s/AutoRest/SDKs/PowerShell/JumpCloud.SDK.DirectoryInsights/generated/api/Models/SystemuserAttributesItem.TypeConverter.cs
DEBUG [32.03 s]: Emitting 'source-file-csharp' at file:///D:/a/1/s/AutoRest/SDKs/PowerShell/JumpCloud.SDK.DirectoryInsights/generated/api/Models/EventCount.PowerShell.cs
DEBUG [32.03 s]: Emitting 'source-file-csharp' at file:///D:/a/1/s/AutoRest/SDKs/PowerShell/JumpCloud.SDK.DirectoryInsights/generated/api/Models/EventCount.TypeConverter.cs
DEBUG [32.03 s]: Emitting 'source-file-csharp' at file:///D:/a/1/s/AutoRest/SDKs/PowerShell/JumpCloud.SDK.DirectoryInsights/generated/api/Models/EventQuery.PowerShell.cs
DEBUG [32.03 s]: Emitting 'source-file-csharp' at file:///D:/a/1/s/AutoRest/SDKs/PowerShell/JumpCloud.SDK.DirectoryInsights/generated/api/Models/EventQuery.TypeConverter.cs
DEBUG [32.03 s]: Emitting 'source-file-csharp' at file:///D:/a/1/s/AutoRest/SDKs/PowerShell/JumpCloud.SDK.DirectoryInsights/generated/api/Models/Systemuserputpost.PowerShell.cs
DEBUG [32.03 s]: Emitting 'source-file-csharp' at file:///D:/a/1/s/AutoRest/SDKs/PowerShell/JumpCloud.SDK.DirectoryInsights/generated/api/Models/Systemuserputpost.TypeConverter.cs
DEBUG [32.03 s]: Emitting 'source-file-csharp' at file:///D:/a/1/s/AutoRest/SDKs/PowerShell/JumpCloud.SDK.DirectoryInsights/generated/api/Models/SystemuserputpostAttributesItem.PowerShell.cs
DEBUG [32.03 s]: Emitting 'source-file-csharp' at file:///D:/a/1/s/AutoRest/SDKs/PowerShell/JumpCloud.SDK.DirectoryInsights/generated/api/Models/SystemuserputpostAttributesItem.TypeConverter.cs
DEBUG [32.04 s]: Emitting 'source-file-csharp' at file:///D:/a/1/s/AutoRest/SDKs/PowerShell/JumpCloud.SDK.DirectoryInsights/generated/api/Models/SystemuserputpostAddressesItem.PowerShell.cs
DEBUG [32.04 s]: Emitting 'source-file-csharp' at file:///D:/a/1/s/AutoRest/SDKs/PowerShell/JumpCloud.SDK.DirectoryInsights/generated/api/Models/SystemuserputpostAddressesItem.TypeConverter.cs
DEBUG [32.04 s]: Emitting 'source-file-csharp' at file:///D:/a/1/s/AutoRest/SDKs/PowerShell/JumpCloud.SDK.DirectoryInsights/generated/api/Models/SystemuserputpostPhoneNumbersItem.PowerShell.cs
DEBUG [32.04 s]: Emitting 'source-file-csharp' at file:///D:/a/1/s/AutoRest/SDKs/PowerShell/JumpCloud.SDK.DirectoryInsights/generated/api/Models/SystemuserputpostPhoneNumbersItem.TypeConverter.cs
DEBUG [32.04 s]: Emitting 'source-file-csharp' at file:///D:/a/1/s/AutoRest/SDKs/PowerShell/JumpCloud.SDK.DirectoryInsights/generated/api/Models/SystemuserputpostRelationshipsItem.PowerShell.cs
DEBUG [32.04 s]: Emitting 'source-file-csharp' at file:///D:/a/1/s/AutoRest/SDKs/PowerShell/JumpCloud.SDK.DirectoryInsights/generated/api/Models/SystemuserputpostRelationshipsItem.TypeConverter.cs
DEBUG [32.04 s]: Emitting 'source-file-csharp' at file:///D:/a/1/s/AutoRest/SDKs/PowerShell/JumpCloud.SDK.DirectoryInsights/generated/api/Models/TermItem.PowerShell.cs
DEBUG [32.04 s]: Emitting 'source-file-csharp' at file:///D:/a/1/s/AutoRest/SDKs/PowerShell/JumpCloud.SDK.DirectoryInsights/generated/api/Models/TermItem.TypeConverter.cs
DEBUG [32.04 s]: Emitting 'source-file-csharp' at file:///D:/a/1/s/AutoRest/SDKs/PowerShell/JumpCloud.SDK.DirectoryInsights/generated/api/Models/Post200ApplicationJsonItemsItem.PowerShell.cs
DEBUG [32.04 s]: Emitting 'source-file-csharp' at file:///D:/a/1/s/AutoRest/SDKs/PowerShell/JumpCloud.SDK.DirectoryInsights/generated/api/Models/Post200ApplicationJsonItemsItem.TypeConverter.cs
DEBUG [32.04 s]: Emitting 'source-file-csharp' at file:///D:/a/1/s/AutoRest/SDKs/PowerShell/JumpCloud.SDK.DirectoryInsights/generated/api/Models/DirectoryInsightsApiIdentity.PowerShell.cs
DEBUG [32.05 s]: Emitting 'source-file-csharp' at file:///D:/a/1/s/AutoRest/SDKs/PowerShell/JumpCloud.SDK.DirectoryInsights/generated/api/Models/DirectoryInsightsApiIdentity.TypeConverter.cs
DEBUG [32.05 s]: Emitting 'source-file-other' at file:///D:/a/1/s/AutoRest/SDKs/PowerShell/JumpCloud.SDK.DirectoryInsights/examples/readme.md
DEBUG [32.05 s]: Emitting 'source-file-other' at file:///D:/a/1/s/AutoRest/SDKs/PowerShell/JumpCloud.SDK.DirectoryInsights/check-dependencies.ps1
DEBUG [32.05 s]: Emitting 'source-file-other' at file:///D:/a/1/s/AutoRest/SDKs/PowerShell/JumpCloud.SDK.DirectoryInsights/license.txt
DEBUG [32.05 s]: Emitting 'source-file-other' at file:///D:/a/1/s/AutoRest/SDKs/PowerShell/JumpCloud.SDK.DirectoryInsights/pack-module.ps1
DEBUG [32.05 s]: Emitting 'source-file-other' at file:///D:/a/1/s/AutoRest/SDKs/PowerShell/JumpCloud.SDK.DirectoryInsights/export-surface.ps1
DEBUG [32.05 s]: Emitting 'source-file-other' at file:///D:/a/1/s/AutoRest/SDKs/PowerShell/JumpCloud.SDK.DirectoryInsights/test/loadEnv.ps1
DEBUG [32.05 s]: Emitting 'source-file-other' at file:///D:/a/1/s/AutoRest/SDKs/PowerShell/JumpCloud.SDK.DirectoryInsights/resources/readme.md
DEBUG [32.05 s]: Emitting 'source-file-other' at file:///D:/a/1/s/AutoRest/SDKs/PowerShell/JumpCloud.SDK.DirectoryInsights/docs/readme.md
DEBUG [32.05 s]: Emitting 'source-file-other' at file:///D:/a/1/s/AutoRest/SDKs/PowerShell/JumpCloud.SDK.DirectoryInsights/tools/Resources/.gitattributes
DEBUG [32.05 s]: Emitting 'source-file-other' at file:///D:/a/1/s/AutoRest/SDKs/PowerShell/JumpCloud.SDK.DirectoryInsights/generate-help.ps1
DEBUG [32.06 s]: Emitting 'source-file-other' at file:///D:/a/1/s/AutoRest/SDKs/PowerShell/JumpCloud.SDK.DirectoryInsights/tools/Resources/docs/readme.md
DEBUG [32.06 s]: Emitting 'source-file-other' at file:///D:/a/1/s/AutoRest/SDKs/PowerShell/JumpCloud.SDK.DirectoryInsights/tools/Resources/how-to.md
DEBUG [32.06 s]: Emitting 'source-file-other' at file:///D:/a/1/s/AutoRest/SDKs/PowerShell/JumpCloud.SDK.DirectoryInsights/tools/Resources/examples/readme.md
DEBUG [32.06 s]: Emitting 'source-file-other' at file:///D:/a/1/s/AutoRest/SDKs/PowerShell/JumpCloud.SDK.DirectoryInsights/test/readme.md
DEBUG [32.06 s]: Emitting 'source-file-other' at file:///D:/a/1/s/AutoRest/SDKs/PowerShell/JumpCloud.SDK.DirectoryInsights/tools/Resources/license.txt
DEBUG [32.06 s]: Emitting 'source-file-other' at file:///D:/a/1/s/AutoRest/SDKs/PowerShell/JumpCloud.SDK.DirectoryInsights/tools/Resources/resources/CmdletSurface-latest-2019-04-30.md
DEBUG [32.06 s]: Emitting 'source-file-other' at file:///D:/a/1/s/AutoRest/SDKs/PowerShell/JumpCloud.SDK.DirectoryInsights/tools/Resources/test/readme.md
DEBUG [32.06 s]: Emitting 'source-file-other' at file:///D:/a/1/s/AutoRest/SDKs/PowerShell/JumpCloud.SDK.DirectoryInsights/tools/Resources/resources/ModelSurface.md
DEBUG [32.06 s]: Emitting 'source-file-other' at file:///D:/a/1/s/AutoRest/SDKs/PowerShell/JumpCloud.SDK.DirectoryInsights/tools/Resources/resources/readme.md
DEBUG [32.07 s]: Emitting 'source-file-other' at file:///D:/a/1/s/AutoRest/SDKs/PowerShell/JumpCloud.SDK.DirectoryInsights/internal/readme.md
DEBUG [32.07 s]: Emitting 'source-file-other' at file:///D:/a/1/s/AutoRest/SDKs/PowerShell/JumpCloud.SDK.DirectoryInsights/test-module.ps1
DEBUG [32.07 s]: Emitting 'source-file-other' at file:///D:/a/1/s/AutoRest/SDKs/PowerShell/JumpCloud.SDK.DirectoryInsights/run-module.ps1
DEBUG [32.08 s]: Emitting 'source-file-other' at file:///D:/a/1/s/AutoRest/SDKs/PowerShell/JumpCloud.SDK.DirectoryInsights/exports/readme.md
DEBUG [32.08 s]: Emitting 'source-file-other' at file:///D:/a/1/s/AutoRest/SDKs/PowerShell/JumpCloud.SDK.DirectoryInsights/tools/Resources/readme.md
DEBUG [32.08 s]: Emitting 'source-file-other' at file:///D:/a/1/s/AutoRest/SDKs/PowerShell/JumpCloud.SDK.DirectoryInsights/build-module.ps1
DEBUG [32.08 s]: Emitting 'source-file-other' at file:///D:/a/1/s/AutoRest/SDKs/PowerShell/JumpCloud.SDK.DirectoryInsights/custom/readme.md
DEBUG [32.08 s]: Emitting 'source-file-other' at file:///D:/a/1/s/AutoRest/SDKs/PowerShell/JumpCloud.SDK.DirectoryInsights/tools/Resources/custom/New-AzDeployment.ps1
DEBUG [32.08 s]: Emitting 'source-file-other' at file:///D:/a/1/s/AutoRest/SDKs/PowerShell/JumpCloud.SDK.DirectoryInsights/how-to.md
DEBUG [32.08 s]: Emitting 'source-file-csharp' at file:///D:/a/1/s/AutoRest/SDKs/PowerShell/JumpCloud.SDK.DirectoryInsights/generated/runtime/AsyncCommandRuntime.cs
DEBUG [32.08 s]: Emitting 'source-file-csharp' at file:///D:/a/1/s/AutoRest/SDKs/PowerShell/JumpCloud.SDK.DirectoryInsights/generated/runtime/AsyncJob.cs
DEBUG [32.08 s]: Emitting 'source-file-csharp' at file:///D:/a/1/s/AutoRest/SDKs/PowerShell/JumpCloud.SDK.DirectoryInsights/generated/runtime/AsyncOperationResponse.cs
DEBUG [32.08 s]: Emitting 'source-file-csharp' at file:///D:/a/1/s/AutoRest/SDKs/PowerShell/JumpCloud.SDK.DirectoryInsights/generated/runtime/Debugging.cs
DEBUG [32.08 s]: Emitting 'source-file-csharp' at file:///D:/a/1/s/AutoRest/SDKs/PowerShell/JumpCloud.SDK.DirectoryInsights/generated/runtime/BuildTime/CollectionExtensions.cs
DEBUG [32.08 s]: Emitting 'source-file-csharp' at file:///D:/a/1/s/AutoRest/SDKs/PowerShell/JumpCloud.SDK.DirectoryInsights/generated/runtime/DictionaryExtensions.cs
DEBUG [32.09 s]: Emitting 'source-file-csharp' at file:///D:/a/1/s/AutoRest/SDKs/PowerShell/JumpCloud.SDK.DirectoryInsights/generated/runtime/BuildTime/MarkdownRenderer.cs
DEBUG [32.09 s]: Emitting 'source-file-csharp' at file:///D:/a/1/s/AutoRest/SDKs/PowerShell/JumpCloud.SDK.DirectoryInsights/generated/runtime/BuildTime/Cmdlets/ExportCmdletSurface.cs
DEBUG [32.09 s]: Emitting 'source-file-csharp' at file:///D:/a/1/s/AutoRest/SDKs/PowerShell/JumpCloud.SDK.DirectoryInsights/generated/runtime/EventDataExtensions.cs
DEBUG [32.09 s]: Emitting 'source-file-csharp' at file:///D:/a/1/s/AutoRest/SDKs/PowerShell/JumpCloud.SDK.DirectoryInsights/generated/runtime/BuildTime/Cmdlets/ExportExampleStub.cs
DEBUG [32.09 s]: Emitting 'source-file-csharp' at file:///D:/a/1/s/AutoRest/SDKs/PowerShell/JumpCloud.SDK.DirectoryInsights/generated/runtime/BuildTime/PsAttributes.cs
DEBUG [32.09 s]: Emitting 'source-file-csharp' at file:///D:/a/1/s/AutoRest/SDKs/PowerShell/JumpCloud.SDK.DirectoryInsights/generated/runtime/EventsExtensions.cs
DEBUG [32.09 s]: Emitting 'source-file-csharp' at file:///D:/a/1/s/AutoRest/SDKs/PowerShell/JumpCloud.SDK.DirectoryInsights/generated/runtime/BuildTime/Models/PsFormatTypes.cs
DEBUG [32.09 s]: Emitting 'source-file-csharp' at file:///D:/a/1/s/AutoRest/SDKs/PowerShell/JumpCloud.SDK.DirectoryInsights/generated/runtime/BuildTime/PsExtensions.cs
DEBUG [32.09 s]: Emitting 'source-file-csharp' at file:///D:/a/1/s/AutoRest/SDKs/PowerShell/JumpCloud.SDK.DirectoryInsights/generated/runtime/HttpPipeline.cs
DEBUG [32.09 s]: Emitting 'source-file-csharp' at file:///D:/a/1/s/AutoRest/SDKs/PowerShell/JumpCloud.SDK.DirectoryInsights/generated/runtime/BuildTime/PsHelpers.cs
DEBUG [32.09 s]: Emitting 'source-file-csharp' at file:///D:/a/1/s/AutoRest/SDKs/PowerShell/JumpCloud.SDK.DirectoryInsights/generated/runtime/BuildTime/Models/PsHelpTypes.cs
DEBUG [32.09 s]: Emitting 'source-file-csharp' at file:///D:/a/1/s/AutoRest/SDKs/PowerShell/JumpCloud.SDK.DirectoryInsights/generated/runtime/BuildTime/StringExtensions.cs
DEBUG [32.1 s]: Emitting 'source-file-csharp' at file:///D:/a/1/s/AutoRest/SDKs/PowerShell/JumpCloud.SDK.DirectoryInsights/generated/runtime/TypeConverterExtensions.cs
DEBUG [32.1 s]: Emitting 'source-file-csharp' at file:///D:/a/1/s/AutoRest/SDKs/PowerShell/JumpCloud.SDK.DirectoryInsights/generated/runtime/BuildTime/Models/PsMarkdownTypes.cs
DEBUG [32.1 s]: Emitting 'source-file-csharp' at file:///D:/a/1/s/AutoRest/SDKs/PowerShell/JumpCloud.SDK.DirectoryInsights/generated/runtime/BuildTime/XmlExtensions.cs
DEBUG [32.1 s]: Emitting 'source-file-csharp' at file:///D:/a/1/s/AutoRest/SDKs/PowerShell/JumpCloud.SDK.DirectoryInsights/generated/runtime/BuildTime/Cmdlets/ExportHelpMarkdown.cs
DEBUG [32.1 s]: Emitting 'source-file-csharp' at file:///D:/a/1/s/AutoRest/SDKs/PowerShell/JumpCloud.SDK.DirectoryInsights/generated/runtime/BuildTime/Models/PsHelpMarkdownOutputs.cs
DEBUG [32.1 s]: Emitting 'source-file-csharp' at file:///D:/a/1/s/AutoRest/SDKs/PowerShell/JumpCloud.SDK.DirectoryInsights/generated/runtime/BuildTime/Cmdlets/ExportProxyCmdlet.cs
DEBUG [32.1 s]: Emitting 'source-file-csharp' at file:///D:/a/1/s/AutoRest/SDKs/PowerShell/JumpCloud.SDK.DirectoryInsights/generated/runtime/BuildTime/Models/PsProxyTypes.cs
DEBUG [32.1 s]: Emitting 'source-file-csharp' at file:///D:/a/1/s/AutoRest/SDKs/PowerShell/JumpCloud.SDK.DirectoryInsights/generated/runtime/BuildTime/Cmdlets/ExportTestStub.cs
DEBUG [32.1 s]: Emitting 'source-file-csharp' at file:///D:/a/1/s/AutoRest/SDKs/PowerShell/JumpCloud.SDK.DirectoryInsights/generated/runtime/BuildTime/Cmdlets/GetCommonParameter.cs
DEBUG [32.1 s]: Emitting 'source-file-csharp' at file:///D:/a/1/s/AutoRest/SDKs/PowerShell/JumpCloud.SDK.DirectoryInsights/generated/runtime/BuildTime/Cmdlets/GetModuleGuid.cs
DEBUG [32.1 s]: Emitting 'source-file-csharp' at file:///D:/a/1/s/AutoRest/SDKs/PowerShell/JumpCloud.SDK.DirectoryInsights/generated/runtime/BuildTime/Cmdlets/GetScriptCmdlet.cs
DEBUG [32.1 s]: Emitting 'source-file-csharp' at file:///D:/a/1/s/AutoRest/SDKs/PowerShell/JumpCloud.SDK.DirectoryInsights/generated/runtime/HttpPipelineMocking.ps1
DEBUG [32.11 s]: Emitting 'source-file-csharp' at file:///D:/a/1/s/AutoRest/SDKs/PowerShell/JumpCloud.SDK.DirectoryInsights/generated/runtime/BuildTime/Cmdlets/ExportFormatPs1xml.cs
DEBUG [32.11 s]: Emitting 'source-file-csharp' at file:///D:/a/1/s/AutoRest/SDKs/PowerShell/JumpCloud.SDK.DirectoryInsights/generated/runtime/BuildTime/Models/PsProxyOutputs.cs
DEBUG [32.11 s]: Emitting 'source-file-csharp' at file:///D:/a/1/s/AutoRest/SDKs/PowerShell/JumpCloud.SDK.DirectoryInsights/generated/runtime/BuildTime/Cmdlets/ExportModelSurface.cs
DEBUG [32.11 s]: Emitting 'source-file-csharp' at file:///D:/a/1/s/AutoRest/SDKs/PowerShell/JumpCloud.SDK.DirectoryInsights/generated/runtime/BuildTime/Cmdlets/ExportPsd1.cs
DEBUG [32.11 s]: Emitting 'binary-file' at file:///D:/a/1/s/AutoRest/SDKs/PowerShell/JumpCloud.SDK.DirectoryInsights/generated/modules/Az.Accounts/1.8.1/Accounts.format.ps1xml
DEBUG [32.11 s]: Emitting 'binary-file' at file:///D:/a/1/s/AutoRest/SDKs/PowerShell/JumpCloud.SDK.DirectoryInsights/generated/modules/Az.Accounts/1.8.1/Accounts.generated.format.ps1xml
DEBUG [32.11 s]: Emitting 'binary-file' at file:///D:/a/1/s/AutoRest/SDKs/PowerShell/JumpCloud.SDK.DirectoryInsights/generated/modules/Az.Accounts/1.8.1/Accounts.types.ps1xml
DEBUG [32.11 s]: Emitting 'binary-file' at file:///D:/a/1/s/AutoRest/SDKs/PowerShell/JumpCloud.SDK.DirectoryInsights/generated/modules/Az.Accounts/1.8.1/Az.Accounts.nuspec
DEBUG [32.11 s]: Emitting 'binary-file' at file:///D:/a/1/s/AutoRest/SDKs/PowerShell/JumpCloud.SDK.DirectoryInsights/generated/modules/Az.Accounts/1.8.1/Az.Accounts.psd1
DEBUG [32.11 s]: Emitting 'binary-file' at file:///D:/a/1/s/AutoRest/SDKs/PowerShell/JumpCloud.SDK.DirectoryInsights/generated/modules/Az.Accounts/1.8.1/Az.Accounts.psm1
DEBUG [32.11 s]: Emitting 'binary-file' at file:///D:/a/1/s/AutoRest/SDKs/PowerShell/JumpCloud.SDK.DirectoryInsights/generated/modules/Az.Accounts/1.8.1/Hyak.Common.dll
DEBUG [32.12 s]: Emitting 'binary-file' at file:///D:/a/1/s/AutoRest/SDKs/PowerShell/JumpCloud.SDK.DirectoryInsights/generated/modules/Az.Accounts/1.8.1/Microsoft.ApplicationInsights.dll
DEBUG [32.12 s]: Emitting 'binary-file' at file:///D:/a/1/s/AutoRest/SDKs/PowerShell/JumpCloud.SDK.DirectoryInsights/generated/modules/Az.Accounts/1.8.1/Microsoft.Azure.Common.dll
DEBUG [32.12 s]: Emitting 'binary-file' at file:///D:/a/1/s/AutoRest/SDKs/PowerShell/JumpCloud.SDK.DirectoryInsights/generated/modules/Az.Accounts/1.8.1/Microsoft.Azure.PowerShell.Authentication.Abstractions.dll
DEBUG [32.12 s]: Emitting 'binary-file' at file:///D:/a/1/s/AutoRest/SDKs/PowerShell/JumpCloud.SDK.DirectoryInsights/generated/modules/Az.Accounts/1.8.1/Microsoft.Azure.PowerShell.Authentication.deps.json
DEBUG [32.12 s]: Emitting 'binary-file' at file:///D:/a/1/s/AutoRest/SDKs/PowerShell/JumpCloud.SDK.DirectoryInsights/generated/modules/Az.Accounts/1.8.1/Microsoft.Azure.PowerShell.Authentication.dll
DEBUG [32.12 s]: Emitting 'binary-file' at file:///D:/a/1/s/AutoRest/SDKs/PowerShell/JumpCloud.SDK.DirectoryInsights/generated/modules/Az.Accounts/1.8.1/Microsoft.Azure.PowerShell.Authentication.ResourceManager.deps.json
DEBUG [32.12 s]: Emitting 'binary-file' at file:///D:/a/1/s/AutoRest/SDKs/PowerShell/JumpCloud.SDK.DirectoryInsights/generated/modules/Az.Accounts/1.8.1/Microsoft.Azure.PowerShell.Authentication.ResourceManager.dll
DEBUG [32.12 s]: Emitting 'binary-file' at file:///D:/a/1/s/AutoRest/SDKs/PowerShell/JumpCloud.SDK.DirectoryInsights/generated/modules/Az.Accounts/1.8.1/Microsoft.Azure.PowerShell.Clients.Aks.dll
DEBUG [32.12 s]: Emitting 'binary-file' at file:///D:/a/1/s/AutoRest/SDKs/PowerShell/JumpCloud.SDK.DirectoryInsights/generated/modules/Az.Accounts/1.8.1/Microsoft.Azure.PowerShell.Clients.Authorization.dll
DEBUG [32.13 s]: Emitting 'binary-file' at file:///D:/a/1/s/AutoRest/SDKs/PowerShell/JumpCloud.SDK.DirectoryInsights/generated/modules/Az.Accounts/1.8.1/Microsoft.Azure.PowerShell.Clients.Compute.dll
DEBUG [32.13 s]: Emitting 'binary-file' at file:///D:/a/1/s/AutoRest/SDKs/PowerShell/JumpCloud.SDK.DirectoryInsights/generated/modules/Az.Accounts/1.8.1/Microsoft.Azure.PowerShell.Clients.Graph.Rbac.dll
DEBUG [32.14 s]: Emitting 'binary-file' at file:///D:/a/1/s/AutoRest/SDKs/PowerShell/JumpCloud.SDK.DirectoryInsights/generated/modules/Az.Accounts/1.8.1/Microsoft.Azure.PowerShell.Clients.KeyVault.dll
DEBUG [32.14 s]: Emitting 'binary-file' at file:///D:/a/1/s/AutoRest/SDKs/PowerShell/JumpCloud.SDK.DirectoryInsights/generated/modules/Az.Accounts/1.8.1/Microsoft.Azure.PowerShell.Clients.Monitor.dll
DEBUG [32.14 s]: Emitting 'binary-file' at file:///D:/a/1/s/AutoRest/SDKs/PowerShell/JumpCloud.SDK.DirectoryInsights/generated/modules/Az.Accounts/1.8.1/Microsoft.Azure.PowerShell.Clients.Network.dll
DEBUG [32.15 s]: Emitting 'binary-file' at file:///D:/a/1/s/AutoRest/SDKs/PowerShell/JumpCloud.SDK.DirectoryInsights/generated/modules/Az.Accounts/1.8.1/Microsoft.Azure.PowerShell.Clients.PolicyInsights.dll
DEBUG [32.15 s]: Emitting 'binary-file' at file:///D:/a/1/s/AutoRest/SDKs/PowerShell/JumpCloud.SDK.DirectoryInsights/generated/modules/Az.Accounts/1.8.1/Microsoft.Azure.PowerShell.Clients.ResourceManager.dll
DEBUG [32.16 s]: Emitting 'binary-file' at file:///D:/a/1/s/AutoRest/SDKs/PowerShell/JumpCloud.SDK.DirectoryInsights/generated/modules/Az.Accounts/1.8.1/Microsoft.Azure.PowerShell.Clients.Storage.Management.dll
DEBUG [32.16 s]: Emitting 'binary-file' at file:///D:/a/1/s/AutoRest/SDKs/PowerShell/JumpCloud.SDK.DirectoryInsights/generated/modules/Az.Accounts/1.8.1/Microsoft.Azure.PowerShell.Cmdlets.Accounts.deps.json
DEBUG [32.16 s]: Emitting 'binary-file' at file:///D:/a/1/s/AutoRest/SDKs/PowerShell/JumpCloud.SDK.DirectoryInsights/generated/modules/Az.Accounts/1.8.1/Microsoft.Azure.PowerShell.Clients.Websites.dll
DEBUG [32.18 s]: Emitting 'binary-file' at file:///D:/a/1/s/AutoRest/SDKs/PowerShell/JumpCloud.SDK.DirectoryInsights/generated/modules/Az.Accounts/1.8.1/Microsoft.Azure.PowerShell.Cmdlets.Accounts.dll
DEBUG [32.19 s]: Emitting 'binary-file' at file:///D:/a/1/s/AutoRest/SDKs/PowerShell/JumpCloud.SDK.DirectoryInsights/generated/modules/Az.Accounts/1.8.1/Microsoft.Azure.PowerShell.Cmdlets.Accounts.dll-Help.xml
DEBUG [32.19 s]: Emitting 'binary-file' at file:///D:/a/1/s/AutoRest/SDKs/PowerShell/JumpCloud.SDK.DirectoryInsights/generated/modules/Az.Accounts/1.8.1/Microsoft.Azure.PowerShell.Common.dll
DEBUG [32.19 s]: Emitting 'binary-file' at file:///D:/a/1/s/AutoRest/SDKs/PowerShell/JumpCloud.SDK.DirectoryInsights/generated/modules/Az.Accounts/1.8.1/Microsoft.Azure.PowerShell.Storage.dll
DEBUG [32.19 s]: Emitting 'binary-file' at file:///D:/a/1/s/AutoRest/SDKs/PowerShell/JumpCloud.SDK.DirectoryInsights/generated/modules/Az.Accounts/1.8.1/Microsoft.Azure.PowerShell.Strategies.dll
DEBUG [32.19 s]: Emitting 'binary-file' at file:///D:/a/1/s/AutoRest/SDKs/PowerShell/JumpCloud.SDK.DirectoryInsights/generated/modules/Az.Accounts/1.8.1/Microsoft.Rest.ClientRuntime.Azure.dll
DEBUG [32.2 s]: Emitting 'binary-file' at file:///D:/a/1/s/AutoRest/SDKs/PowerShell/JumpCloud.SDK.DirectoryInsights/generated/modules/Az.Accounts/1.8.1/Microsoft.Rest.ClientRuntime.dll
DEBUG [32.2 s]: Emitting 'binary-file' at file:///D:/a/1/s/AutoRest/SDKs/PowerShell/JumpCloud.SDK.DirectoryInsights/generated/modules/Az.Accounts/1.8.1/Microsoft.WindowsAzure.Storage.DataMovement.dll
DEBUG [32.2 s]: Emitting 'binary-file' at file:///D:/a/1/s/AutoRest/SDKs/PowerShell/JumpCloud.SDK.DirectoryInsights/generated/modules/Az.Accounts/1.8.1/Microsoft.WindowsAzure.Storage.dll
DEBUG [32.2 s]: Emitting 'binary-file' at file:///D:/a/1/s/AutoRest/SDKs/PowerShell/JumpCloud.SDK.DirectoryInsights/generated/modules/Az.Accounts/1.8.1/NetCoreAssemblies/Azure.Core.dll
DEBUG [32.21 s]: Emitting 'binary-file' at file:///D:/a/1/s/AutoRest/SDKs/PowerShell/JumpCloud.SDK.DirectoryInsights/generated/modules/Az.Accounts/1.8.1/PostImportScripts/LoadAuthenticators.ps1
DEBUG [32.21 s]: Emitting 'binary-file' at file:///D:/a/1/s/AutoRest/SDKs/PowerShell/JumpCloud.SDK.DirectoryInsights/generated/modules/Az.Accounts/1.8.1/NetCoreAssemblies/Microsoft.Bcl.AsyncInterfaces.dll
DEBUG [32.21 s]: Emitting 'binary-file' at file:///D:/a/1/s/AutoRest/SDKs/PowerShell/JumpCloud.SDK.DirectoryInsights/generated/modules/Az.Accounts/1.8.1/PreloadAssemblies/Azure.Core.dll
DEBUG [32.21 s]: Emitting 'binary-file' at file:///D:/a/1/s/AutoRest/SDKs/PowerShell/JumpCloud.SDK.DirectoryInsights/generated/modules/Az.Accounts/1.8.1/%5BContent_Types%5D.xml
DEBUG [32.21 s]: Emitting 'binary-file' at file:///D:/a/1/s/AutoRest/SDKs/PowerShell/JumpCloud.SDK.DirectoryInsights/generated/modules/Az.Accounts/1.8.1/StartupScripts/AzError.ps1
DEBUG [32.21 s]: Emitting 'binary-file' at file:///D:/a/1/s/AutoRest/SDKs/PowerShell/JumpCloud.SDK.DirectoryInsights/generated/modules/Az.Accounts/1.8.1/NetCoreAssemblies/Microsoft.IdentityModel.Clients.ActiveDirectory.dll
DEBUG [32.21 s]: Emitting 'binary-file' at file:///D:/a/1/s/AutoRest/SDKs/PowerShell/JumpCloud.SDK.DirectoryInsights/generated/modules/Az.Accounts/1.8.1/package/services/metadata/core-properties/b4e383786e734eb49545960a9feff173.psmdcp
DEBUG [32.21 s]: Emitting 'binary-file' at file:///D:/a/1/s/AutoRest/SDKs/PowerShell/JumpCloud.SDK.DirectoryInsights/generated/modules/Az.Accounts/1.8.1/PreloadAssemblies/Microsoft.Azure.PowerShell.Authenticators.dll
DEBUG [32.21 s]: Emitting 'binary-file' at file:///D:/a/1/s/AutoRest/SDKs/PowerShell/JumpCloud.SDK.DirectoryInsights/generated/modules/Az.Accounts/1.8.1/NetCoreAssemblies/Microsoft.IdentityModel.Clients.ActiveDirectory.Platform.dll
DEBUG [32.22 s]: Emitting 'binary-file' at file:///D:/a/1/s/AutoRest/SDKs/PowerShell/JumpCloud.SDK.DirectoryInsights/generated/modules/Az.Accounts/1.8.1/_rels/.rels
DEBUG [32.22 s]: Emitting 'binary-file' at file:///D:/a/1/s/AutoRest/SDKs/PowerShell/JumpCloud.SDK.DirectoryInsights/generated/modules/Az.Accounts/1.8.1/PreloadAssemblies/Microsoft.Bcl.AsyncInterfaces.dll
DEBUG [32.22 s]: Emitting 'binary-file' at file:///D:/a/1/s/AutoRest/SDKs/PowerShell/JumpCloud.SDK.DirectoryInsights/generated/modules/Az.Accounts/1.8.1/NetCoreAssemblies/System.Numerics.Vectors.dll
DEBUG [32.22 s]: Emitting 'binary-file' at file:///D:/a/1/s/AutoRest/SDKs/PowerShell/JumpCloud.SDK.DirectoryInsights/generated/modules/Az.Accounts/1.8.1/PreloadAssemblies/Microsoft.IdentityModel.Clients.ActiveDirectory.dll
DEBUG [32.22 s]: Emitting 'binary-file' at file:///D:/a/1/s/AutoRest/SDKs/PowerShell/JumpCloud.SDK.DirectoryInsights/generated/modules/Az.Accounts/1.8.1/NetCoreAssemblies/System.Runtime.CompilerServices.Unsafe.dll
DEBUG [32.22 s]: Emitting 'binary-file' at file:///D:/a/1/s/AutoRest/SDKs/PowerShell/JumpCloud.SDK.DirectoryInsights/generated/modules/Az.Accounts/1.8.1/PreloadAssemblies/Microsoft.IdentityModel.Clients.ActiveDirectory.Platform.dll
DEBUG [32.22 s]: Emitting 'binary-file' at file:///D:/a/1/s/AutoRest/SDKs/PowerShell/JumpCloud.SDK.DirectoryInsights/generated/modules/Az.Accounts/1.8.1/NetCoreAssemblies/System.Text.Encodings.Web.dll
DEBUG [32.23 s]: Emitting 'binary-file' at file:///D:/a/1/s/AutoRest/SDKs/PowerShell/JumpCloud.SDK.DirectoryInsights/generated/modules/Az.Accounts/1.8.1/PreloadAssemblies/Newtonsoft.Json.10.dll
DEBUG [32.23 s]: Emitting 'binary-file' at file:///D:/a/1/s/AutoRest/SDKs/PowerShell/JumpCloud.SDK.DirectoryInsights/generated/modules/Az.Accounts/1.8.1/PreloadAssemblies/System.Buffers.dll
DEBUG [32.23 s]: Emitting 'binary-file' at file:///D:/a/1/s/AutoRest/SDKs/PowerShell/JumpCloud.SDK.DirectoryInsights/generated/modules/Az.Accounts/1.8.1/NetCoreAssemblies/System.Text.Json.dll
DEBUG [32.24 s]: Emitting 'binary-file' at file:///D:/a/1/s/AutoRest/SDKs/PowerShell/JumpCloud.SDK.DirectoryInsights/generated/modules/Az.Accounts/1.8.1/NetCoreAssemblies/System.Threading.Tasks.Extensions.dll
DEBUG [32.24 s]: Emitting 'binary-file' at file:///D:/a/1/s/AutoRest/SDKs/PowerShell/JumpCloud.SDK.DirectoryInsights/generated/modules/Az.Accounts/1.8.1/PreloadAssemblies/System.Diagnostics.DiagnosticSource.4.0.4.0.dll
DEBUG [32.24 s]: Emitting 'binary-file' at file:///D:/a/1/s/AutoRest/SDKs/PowerShell/JumpCloud.SDK.DirectoryInsights/generated/modules/Az.Accounts/1.8.1/PreloadAssemblies/System.Diagnostics.DiagnosticSource.dll
DEBUG [32.24 s]: Emitting 'binary-file' at file:///D:/a/1/s/AutoRest/SDKs/PowerShell/JumpCloud.SDK.DirectoryInsights/generated/modules/Az.Accounts/1.8.1/PreloadAssemblies/System.Memory.dll
DEBUG [32.24 s]: Emitting 'binary-file' at file:///D:/a/1/s/AutoRest/SDKs/PowerShell/JumpCloud.SDK.DirectoryInsights/generated/modules/Az.Accounts/1.8.1/PreloadAssemblies/System.Net.Http.WinHttpHandler.dll
DEBUG [32.24 s]: Emitting 'binary-file' at file:///D:/a/1/s/AutoRest/SDKs/PowerShell/JumpCloud.SDK.DirectoryInsights/generated/modules/Az.Accounts/1.8.1/PreloadAssemblies/System.Numerics.Vectors.dll
DEBUG [32.24 s]: Emitting 'binary-file' at file:///D:/a/1/s/AutoRest/SDKs/PowerShell/JumpCloud.SDK.DirectoryInsights/generated/modules/Az.Accounts/1.8.1/PreloadAssemblies/System.Reflection.DispatchProxy.dll
DEBUG [32.24 s]: Emitting 'binary-file' at file:///D:/a/1/s/AutoRest/SDKs/PowerShell/JumpCloud.SDK.DirectoryInsights/generated/modules/Az.Accounts/1.8.1/PreloadAssemblies/System.Private.ServiceModel.dll
DEBUG [32.25 s]: Emitting 'binary-file' at file:///D:/a/1/s/AutoRest/SDKs/PowerShell/JumpCloud.SDK.DirectoryInsights/generated/modules/Az.Accounts/1.8.1/PreloadAssemblies/System.Runtime.CompilerServices.Unsafe.4.0.4.0.dll
DEBUG [32.25 s]: Emitting 'binary-file' at file:///D:/a/1/s/AutoRest/SDKs/PowerShell/JumpCloud.SDK.DirectoryInsights/generated/modules/Az.Accounts/1.8.1/PreloadAssemblies/System.Runtime.CompilerServices.Unsafe.4.0.4.1.dll
DEBUG [32.25 s]: Emitting 'binary-file' at file:///D:/a/1/s/AutoRest/SDKs/PowerShell/JumpCloud.SDK.DirectoryInsights/generated/modules/Az.Accounts/1.8.1/PreloadAssemblies/System.Runtime.CompilerServices.Unsafe.4.0.5.0.dll
DEBUG [32.26 s]: Emitting 'binary-file' at file:///D:/a/1/s/AutoRest/SDKs/PowerShell/JumpCloud.SDK.DirectoryInsights/generated/modules/Az.Accounts/1.8.1/PreloadAssemblies/System.Security.AccessControl.dll
DEBUG [32.26 s]: Emitting 'binary-file' at file:///D:/a/1/s/AutoRest/SDKs/PowerShell/JumpCloud.SDK.DirectoryInsights/generated/modules/Az.Accounts/1.8.1/PreloadAssemblies/System.Security.Permissions.dll
DEBUG [32.26 s]: Emitting 'binary-file' at file:///D:/a/1/s/AutoRest/SDKs/PowerShell/JumpCloud.SDK.DirectoryInsights/generated/modules/Az.Accounts/1.8.1/PreloadAssemblies/System.Security.Principal.Windows.dll
DEBUG [32.26 s]: Emitting 'binary-file' at file:///D:/a/1/s/AutoRest/SDKs/PowerShell/JumpCloud.SDK.DirectoryInsights/generated/modules/Az.Accounts/1.8.1/PreloadAssemblies/System.ServiceModel.Primitives.dll
DEBUG [32.26 s]: Emitting 'binary-file' at file:///D:/a/1/s/AutoRest/SDKs/PowerShell/JumpCloud.SDK.DirectoryInsights/generated/modules/Az.Accounts/1.8.1/PreloadAssemblies/System.Text.Encodings.Web.dll
DEBUG [32.26 s]: Emitting 'binary-file' at file:///D:/a/1/s/AutoRest/SDKs/PowerShell/JumpCloud.SDK.DirectoryInsights/generated/modules/Az.Accounts/1.8.1/PreloadAssemblies/System.Text.Json.dll
DEBUG [32.26 s]: Emitting 'binary-file' at file:///D:/a/1/s/AutoRest/SDKs/PowerShell/JumpCloud.SDK.DirectoryInsights/generated/modules/Az.Accounts/1.8.1/PreloadAssemblies/System.Threading.Tasks.Extensions.4.2.0.0.dll
DEBUG [32.26 s]: Emitting 'binary-file' at file:///D:/a/1/s/AutoRest/SDKs/PowerShell/JumpCloud.SDK.DirectoryInsights/generated/modules/Az.Accounts/1.8.1/PreloadAssemblies/System.Threading.Tasks.Extensions.4.3.1.0.dll
DEBUG [32.26 s]: Emitting 'binary-file' at file:///D:/a/1/s/AutoRest/SDKs/PowerShell/JumpCloud.SDK.DirectoryInsights/generated/modules/Az.Accounts/1.8.1/PreloadAssemblies/System.Xml.ReaderWriter.dll
DEBUG [32.27 s]: Emitting 'source-file-csharp' at file:///D:/a/1/s/AutoRest/SDKs/PowerShell/JumpCloud.SDK.DirectoryInsights/JumpCloud.SDK.DirectoryInsights.csproj
DEBUG [32.27 s]: Emitting 'source-file-powershell' at file:///D:/a/1/s/AutoRest/SDKs/PowerShell/JumpCloud.SDK.DirectoryInsights/JumpCloud.SDK.DirectoryInsights.psm1
DEBUG [32.27 s]: Emitting 'source-file-powershell' at file:///D:/a/1/s/AutoRest/SDKs/PowerShell/JumpCloud.SDK.DirectoryInsights/custom/JumpCloud.SDK.DirectoryInsights.custom.psm1
DEBUG [32.27 s]: Emitting 'source-file-powershell' at file:///D:/a/1/s/AutoRest/SDKs/PowerShell/JumpCloud.SDK.DirectoryInsights/internal/JumpCloud.SDK.DirectoryInsights.internal.psm1
DEBUG [32.27 s]: Emitting 'source-file-other' at file:///D:/a/1/s/AutoRest/SDKs/PowerShell/JumpCloud.SDK.DirectoryInsights/JumpCloud.SDK.DirectoryInsights.nuspec
DEBUG [32.27 s]: Emitting 'source-file-other' at file:///D:/a/1/s/AutoRest/SDKs/PowerShell/JumpCloud.SDK.DirectoryInsights/.gitignore
DEBUG [32.27 s]: Emitting 'source-file-other' at file:///D:/a/1/s/AutoRest/SDKs/PowerShell/JumpCloud.SDK.DirectoryInsights/.gitattributes
DEBUG [32.27 s]: Emitting 'source-file-other' at file:///D:/a/1/s/AutoRest/SDKs/PowerShell/JumpCloud.SDK.DirectoryInsights/readme.md
DEBUG [32.27 s]: powershell/emitter - END [0.28 s]
[32.27 s] Clearing Folders.
[32.49 s] Writing Outputs.
[32.49 s] Generation Complete
[32.49 s] Shutting Down.
[32.49 s] Exiting.
Cleaning build folders...
Compiling module...

Welcome to .NET Core 3.1!
---------------------
SDK Version: 3.1.301

Telemetry
---------
The .NET Core tools collect usage data in order to help us improve your experience. The data is anonymous. It is collected by Microsoft and shared with the community. You can opt-out of telemetry by setting the DOTNET_CLI_TELEMETRY_OPTOUT environment variable to '1' or 'true' using your favorite shell.

Read more about .NET Core CLI Tools telemetry: https://aka.ms/dotnet-cli-telemetry

----------------
Explore documentation: https://aka.ms/dotnet-docs
Report issues and find source on GitHub: https://github.com/dotnet/core
Find out what's new: https://aka.ms/dotnet-whats-new
Learn about the installed HTTPS developer cert: https://aka.ms/aspnet-core-https
Use 'dotnet --help' to see available commands or visit: https://aka.ms/dotnet-cli-docs
Write your first app: https://aka.ms/first-net-core-app
--------------------------------------------------------------------------------------
Creating exports and docs...
Creating format.ps1xml...
Creating psd1...
Creating test stubs...
Creating example stubs...
-------------Done-------------
Cleaning build folders...
Compiling module...
Creating exports and docs...
Creating format.ps1xml...
Creating psd1...
Creating test stubs...
Creating example stubs...
-------------Done-------------
Created documentation in 'D:\a\1\s\AutoRest\SDKs\PowerShell\JumpCloud.SDK.DirectoryInsights\docs\exports'
-------------Done-------------
Cleaning build folders...
Compiling module...
Creating exports and docs...
Creating format.ps1xml...
Creating psd1...
Creating test stubs...
Creating example stubs...
-------------Done-------------
Created documentation in 'D:\a\1\s\AutoRest\SDKs\PowerShell\JumpCloud.SDK.DirectoryInsights\docs\exports'
-------------Done-------------
Building local Resource module used for test...
Creating isolated process...
To run this module in an isolated PowerShell session, run the 'run-module.ps1' script or provide the '-Run' parameter to this script.
WARNING: Both Az and AzureRM modules were detected on this machine. Az and AzureRM modules cannot be imported in the same session or used in the same script or runbook. If you are running PowerShell in an environment you control you can use the 'Uninstall-AzureRm' cmdlet to remove all AzureRm modules from your machine. If you are running in Azure Automation, take care that none of your runbooks import both Az and AzureRM modules. More information can be found here: https://aka.ms/azps-migration-guide

Starting discovery in 3 files.
Running 'live' mode...
Running 'live' mode...
Discovery finished in 562ms.
[+] D:\a\1\s\AutoRest\SDKs\PowerShell\JumpCloud.SDK.DirectoryInsights\test\Get-JcSdkEvent.Tests.ps1 3.59s (2.82s|427ms)
[+] D:\a\1\s\AutoRest\SDKs\PowerShell\JumpCloud.SDK.DirectoryInsights\test\Get-JcSdkEventCount.Tests.ps1 251ms (0ms|94ms)
Tests completed in 3.89s
Tests Passed: 2, Failed: 0, Skipped: 2 NotRun: 0
-------------Done-------------
